G:\OGRE_PROJECT\NINTHWORLD\NINTHWORLD\RELEASE\SWORD.OBJ
G:\OGRE_PROJECT\NINTHWORLD\NINTHWORLD\RELEASE\NINTHCORE.OBJ
G:\OGRE_PROJECT\NINTHWORLD\NINTHWORLD\RELEASE\MAIN.OBJ
G:\OGRE_PROJECT\NINTHWORLD\NINTHWORLD\RELEASE\GHOSTDOMDRAGON.OBJ
G:\OGRE_PROJECT\NINTHWORLD\NINTHWORLD\RELEASE\DRAGON.OBJ
G:\OGRE_PROJECT\NINTHWORLD\NINTHWORLD\RELEASE\CONTROLMODEL.OBJ
G:\OGRE_PROJECT\NINTHWORLD\NINTHWORLD\RELEASE\NINTHWORLD.PCH
G:\OGRE_PROJECT\NINTHWORLD\NINTHWORLD\RELEASE\STDAFX.OBJ
G:\OGRE_PROJECT\NINTHWORLD\NINTHWORLD\RELEASE\VC110.PDB
G:\OGRE_PROJECT\NINTHWORLD\NINTHWORLD\RELEASE\SOUNDMANAGER.OBJ
G:\OGRE_PROJECT\NINTHWORLD\NINTHWORLD\RELEASE\NINTHCEGUI.OBJ
G:\OGRE_PROJECT\NINTHWORLD\NINTHWORLD\RELEASE\MYCEGUISYSTEM.OBJ
G:\OGRE_PROJECT\NINTHWORLD\NINTHWORLD\RELEASE\KNOTANDFISH.OBJ
G:\OGRE_PROJECT\NINTHWORLD\NINTHWORLD\RELEASE\BASEAPPLICATION.OBJ
G:\OGRE_PROJECT\NINTHWORLD\NINTHWORLD\RELEASE\NINTHWORLD.RES
G:\Ogre_Project\NinthWorld\NinthWorld\Release\BaseApplication.obj
G:\Ogre_Project\NinthWorld\NinthWorld\Release\ControlModel.obj
G:\Ogre_Project\NinthWorld\NinthWorld\Release\Dragon.obj
G:\Ogre_Project\NinthWorld\NinthWorld\Release\GhostdomDragon.obj
G:\Ogre_Project\NinthWorld\NinthWorld\Release\KnotAndFish.obj
G:\Ogre_Project\NinthWorld\NinthWorld\Release\Main.obj
G:\Ogre_Project\NinthWorld\NinthWorld\Release\MyCEGUISystem.obj
G:\Ogre_Project\NinthWorld\NinthWorld\Release\NinthCEGUI.obj
G:\Ogre_Project\NinthWorld\NinthWorld\Release\NinthCore.obj
G:\Ogre_Project\NinthWorld\NinthWorld\Release\SoundManager.obj
G:\Ogre_Project\NinthWorld\NinthWorld\Release\stdafx.obj
G:\Ogre_Project\NinthWorld\NinthWorld\Release\Sword.obj
G:\Ogre_Project\NinthWorld\NinthWorld\Release\cl.command.1.tlog
G:\Ogre_Project\NinthWorld\NinthWorld\Release\CL.read.1.tlog
G:\Ogre_Project\NinthWorld\NinthWorld\Release\CL.write.1.tlog
G:\Ogre_Project\NinthWorld\NinthWorld\Release\link-cvtres.read.1.tlog
G:\Ogre_Project\NinthWorld\NinthWorld\Release\link-cvtres.write.1.tlog
G:\Ogre_Project\NinthWorld\NinthWorld\Release\link-rc.read.1.tlog
G:\Ogre_Project\NinthWorld\NinthWorld\Release\link-rc.write.1.tlog
G:\Ogre_Project\NinthWorld\NinthWorld\Release\link.command.1.tlog
G:\Ogre_Project\NinthWorld\NinthWorld\Release\link.read.1.tlog
G:\Ogre_Project\NinthWorld\NinthWorld\Release\link.write.1.tlog
G:\Ogre_Project\NinthWorld\NinthWorld\Release\rc.command.1.tlog
G:\Ogre_Project\NinthWorld\NinthWorld\Release\rc.read.1.tlog
G:\Ogre_Project\NinthWorld\NinthWorld\Release\rc.write.1.tlog
G:\Ogre_Project\NinthWorld\NinthWorld\Release\NinthWorld.res
G:\Ogre_Project\NinthWorld\NinthWorld\Release\NinthWorld.pch
G:\Ogre_Project\NinthWorld\NinthWorld\Release\vc110.pdb
G:\Ogre_Project\NinthWorld\\Bin\NinthWorld.pdb
