23:50:17: Creating resource group General
23:50:17: Creating resource group Internal
23:50:17: Creating resource group Autodetect
23:50:17: SceneManagerFactory for type 'DefaultSceneManager' registered.
23:50:17: Registering ResourceManager for type Material
23:50:17: Registering ResourceManager for type Mesh
23:50:17: Registering ResourceManager for type Skeleton
23:50:17: MovableObjectFactory for type 'ParticleSystem' registered.
23:50:17: ArchiveFactory for archive type FileSystem registered.
23:50:17: ArchiveFactory for archive type Zip registered.
23:50:17: ArchiveFactory for archive type EmbeddedZip registered.
23:50:17: DDS codec registering
23:50:17: FreeImage version: 3.15.3
23:50:17: This program uses FreeImage, a free, open source image library supporting all common bitmap formats. See http://freeimage.sourceforge.net for details
23:50:17: Supported formats: bmp,ico,jpg,jif,jpeg,jpe,jng,koa,iff,lbm,mng,pbm,pbm,pcd,pcx,pgm,pgm,png,ppm,ppm,ras,tga,targa,tif,tiff,wap,wbmp,wbm,psd,cut,xbm,xpm,gif,hdr,g3,sgi,exr,j2k,j2c,jp2,pfm,pct,pict,pic,3fr,arw,bay,bmq,cap,cine,cr2,crw,cs1,dc2,dcr,drf,dsc,dng,erf,fff,ia,iiq,k25,kc2,kdc,mdc,mef,mos,mrw,nef,nrw,orf,pef,ptx,pxn,qtk,raf,raw,rdc,rw2,rwl,rwz,sr2,srf,srw,sti
23:50:17: Registering ResourceManager for type HighLevelGpuProgram
23:50:17: Registering ResourceManager for type Compositor
23:50:17: MovableObjectFactory for type 'Entity' registered.
23:50:17: MovableObjectFactory for type 'Light' registered.
23:50:17: MovableObjectFactory for type 'BillboardSet' registered.
23:50:17: MovableObjectFactory for type 'ManualObject' registered.
23:50:17: MovableObjectFactory for type 'BillboardChain' registered.
23:50:17: MovableObjectFactory for type 'RibbonTrail' registered.
23:50:17: Loading library .\RenderSystem_Direct3D9
23:50:17: Installing plugin: D3D9 RenderSystem
23:50:17: D3D9 : Direct3D9 Rendering Subsystem created.
23:50:18: D3D9: Driver Detection Starts
23:50:18: D3D9: Driver Detection Ends
23:50:18: Plugin successfully installed
23:50:18: Loading library .\RenderSystem_GL
23:50:18: Installing plugin: GL RenderSystem
23:50:18: OpenGL Rendering Subsystem created.
23:50:18: Plugin successfully installed
23:50:18: Loading library .\Plugin_ParticleFX
23:50:18: Installing plugin: ParticleFX
23:50:18: Particle Emitter Type 'Point' registered
23:50:18: Particle Emitter Type 'Box' registered
23:50:18: Particle Emitter Type 'Ellipsoid' registered
23:50:18: Particle Emitter Type 'Cylinder' registered
23:50:18: Particle Emitter Type 'Ring' registered
23:50:18: Particle Emitter Type 'HollowEllipsoid' registered
23:50:18: Particle Affector Type 'LinearForce' registered
23:50:18: Particle Affector Type 'ColourFader' registered
23:50:18: Particle Affector Type 'ColourFader2' registered
23:50:18: Particle Affector Type 'ColourImage' registered
23:50:18: Particle Affector Type 'ColourInterpolator' registered
23:50:18: Particle Affector Type 'Scaler' registered
23:50:18: Particle Affector Type 'Rotator' registered
23:50:18: Particle Affector Type 'DirectionRandomiser' registered
23:50:18: Particle Affector Type 'DeflectorPlane' registered
23:50:18: Plugin successfully installed
23:50:18: Loading library .\Plugin_PCZSceneManager
23:50:18: Installing plugin: Portal Connected Zone Scene Manager
23:50:18: PCZone Factory Type 'ZoneType_Default' registered
23:50:18: Plugin successfully installed
23:50:18: Loading library .\Plugin_OctreeZone
23:50:18: Installing plugin: Octree Zone Factory
23:50:18: Plugin successfully installed
23:50:18: Loading library .\Plugin_OctreeSceneManager
23:50:18: Installing plugin: Octree Scene Manager
23:50:18: Plugin successfully installed
23:50:18: *-*-* OGRE Initialising
23:50:18: *-*-* Version 1.9.0 (Ghadamon)
23:50:18: Creating resource group Essential
23:50:18: Added resource location '../Media/GUI' of type 'FileSystem' to resource group 'Essential'
23:50:18: Added resource location '../Media/packs/SdkTrays.zip' of type 'Zip' to resource group 'Essential'
23:50:18: Creating resource group Fonts
23:50:18: Added resource location '../media/datafiles/fonts' of type 'FileSystem' to resource group 'Fonts'
23:50:18: Added resource location '../Media/sounds' of type 'FileSystem' to resource group 'General'
23:50:18: Added resource location '../Media/fonts' of type 'FileSystem' to resource group 'General'
23:50:18: Creating resource group Imagesets
23:50:18: Added resource location '../media/datafiles/imagesets' of type 'FileSystem' to resource group 'Imagesets'
23:50:18: Creating resource group LookNFeel
23:50:18: Added resource location '../media/datafiles/looknFeel' of type 'FileSystem' to resource group 'LookNFeel'
23:50:18: Creating resource group Popular
23:50:18: Added resource location '../Media/GUI/fire' of type 'FileSystem' to resource group 'Popular'
23:50:18: Added resource location '../Media/imagesets' of type 'FileSystem' to resource group 'Popular'
23:50:18: Added resource location '../Media/models' of type 'FileSystem' to resource group 'Popular'
23:50:18: Added resource location '../Media/models/Sword' of type 'FileSystem' to resource group 'Popular'
23:50:18: Added resource location '../Media/Materials/textures' of type 'FileSystem' to resource group 'Popular'
23:50:18: Added resource location '../Media/Materials/textures/yuntianhe' of type 'FileSystem' to resource group 'Popular'
23:50:18: Added resource location '../Media/Materials/textures/meizhi' of type 'FileSystem' to resource group 'Popular'
23:50:18: Added resource location '../Media/Materials/textures/Moutain' of type 'FileSystem' to resource group 'Popular'
23:50:18: Added resource location '../Media/Materials/textures/sword' of type 'FileSystem' to resource group 'Popular'
23:50:18: Added resource location '../Media/Materials/textures/mingjieyalong' of type 'FileSystem' to resource group 'Popular'
23:50:18: Added resource location '../Media/Materials/textures/MainDragon' of type 'FileSystem' to resource group 'Popular'
23:50:18: Added resource location '../Media/Materials/textures/Dragon' of type 'FileSystem' to resource group 'Popular'
23:50:18: Added resource location '../Media/Materials/scripts' of type 'FileSystem' to resource group 'Popular'
23:50:18: Added resource location '../Media/Materials/scripts/Sword' of type 'FileSystem' to resource group 'Popular'
23:50:18: Added resource location '../Media/particles' of type 'FileSystem' to resource group 'Popular'
23:50:18: Added resource location '../Media/packs/Cloudy.zip' of type 'Zip' to resource group 'Popular'
23:50:18: Added resource location '../Media/packs/SunSet.zip' of type 'Zip' to resource group 'Popular'
23:50:18: Added resource location '../Media/packs/TropicalSunnyDay.zip' of type 'Zip' to resource group 'Popular'
23:50:18: Added resource location '../Media/packs/ThickCloudsWater.zip' of type 'Zip' to resource group 'Popular'
23:50:18: Added resource location '../Media/packs/FullMoon.zip' of type 'Zip' to resource group 'Popular'
23:50:18: Added resource location '../Media/packs/DarkStormy.zip' of type 'Zip' to resource group 'Popular'
23:50:18: Creating resource group Schemes
23:50:18: Added resource location '../media/datafiles/schemes' of type 'FileSystem' to resource group 'Schemes'
23:50:18: D3D9 : RenderSystem Option: Allow DirectX9Ex = No
23:50:18: D3D9 : RenderSystem Option: Allow NVPerfHUD = No
23:50:18: D3D9 : RenderSystem Option: FSAA = 0
23:50:18: D3D9 : RenderSystem Option: Fixed Pipeline Enabled = Yes
23:50:18: D3D9 : RenderSystem Option: Floating-point mode = Fastest
23:50:18: D3D9 : RenderSystem Option: Full Screen = No
23:50:18: D3D9 : RenderSystem Option: Multi device memory hint = Use minimum system memory
23:50:18: D3D9 : RenderSystem Option: Rendering Device = Monitor-1-NVIDIA GeForce 9600M GS
23:50:18: D3D9 : RenderSystem Option: Resource Creation Policy = Create on all devices
23:50:18: D3D9 : RenderSystem Option: Use Multihead = Auto
23:50:18: D3D9 : RenderSystem Option: VSync = No
23:50:18: D3D9 : RenderSystem Option: VSync Interval = 1
23:50:18: D3D9 : RenderSystem Option: Video Mode = 800 x 600 @ 32-bit colour
23:50:18: D3D9 : RenderSystem Option: sRGB Gamma Conversion = No
23:50:19: CPU Identifier & Features
23:50:19: -------------------------
23:50:19:  *   CPU ID: GenuineIntel: Intel(R) Core(TM)2 Duo CPU     P7350  @ 2.00GHz
23:50:19:  *      SSE: yes
23:50:19:  *     SSE2: yes
23:50:19:  *     SSE3: yes
23:50:19:  *      MMX: yes
23:50:19:  *   MMXEXT: yes
23:50:19:  *    3DNOW: no
23:50:19:  * 3DNOWEXT: no
23:50:19:  *     CMOV: yes
23:50:19:  *      TSC: yes
23:50:19:  *      FPU: yes
23:50:19:  *      PRO: yes
23:50:19:  *       HT: no
23:50:19: -------------------------
23:50:19: D3D9 : Subsystem Initialising
23:50:19: Registering ResourceManager for type Texture
23:50:19: Registering ResourceManager for type GpuProgram
23:50:19: D3D9RenderSystem::_createRenderWindow "Welcome to NinthWorld!!!  ---beyondray", 800x600 windowed  miscParams: FSAA=0 FSAAHint= colourDepth=32 gamma=false monitorIndex=0 useNVPerfHUD=false vsync=false vsyncInterval=1 
23:50:19: D3D9 : Created D3D9 Rendering Window 'Welcome to NinthWorld!!!  ---beyondray' : 800x600, 32bpp
23:50:19: D3D9 : WARNING - disabling VSync in windowed mode can cause timing issues at lower frame rates, turn VSync on if you observe this problem.
23:50:19: D3D9: Vertex texture format supported - PF_FLOAT16_RGB
23:50:19: D3D9: Vertex texture format supported - PF_FLOAT16_RGBA
23:50:19: D3D9: Vertex texture format supported - PF_FLOAT32_RGB
23:50:19: D3D9: Vertex texture format supported - PF_FLOAT32_RGBA
23:50:19: D3D9: Vertex texture format supported - PF_FLOAT16_R
23:50:19: D3D9: Vertex texture format supported - PF_FLOAT32_R
23:50:19: D3D9: Vertex texture format supported - PF_FLOAT16_GR
23:50:19: D3D9: Vertex texture format supported - PF_FLOAT32_GR
23:50:19: RenderSystem capabilities
23:50:19: -------------------------
23:50:19: RenderSystem Name: Direct3D9 Rendering Subsystem
23:50:19: GPU Vendor: nvidia
23:50:19: Device Name: Monitor-1-NVIDIA GeForce 9600M GS
23:50:19: Driver Version: 8.17.12.7533
23:50:19:  * Fixed function pipeline: yes
23:50:19:  * Hardware generation of mipmaps: yes
23:50:19:  * Texture blending: yes
23:50:19:  * Anisotropic texture filtering: yes
23:50:19:  * Dot product texture operation: yes
23:50:19:  * Cube mapping: yes
23:50:19:  * Hardware stencil buffer: yes
23:50:19:    - Stencil depth: 8
23:50:19:    - Two sided stencil support: yes
23:50:19:    - Wrap stencil values: yes
23:50:19:  * Hardware vertex / index buffers: yes
23:50:19:  * Vertex programs: yes
23:50:19:  * Number of floating-point constants for vertex programs: 256
23:50:19:  * Number of integer constants for vertex programs: 16
23:50:19:  * Number of boolean constants for vertex programs: 16
23:50:19:  * Fragment programs: yes
23:50:19:  * Number of floating-point constants for fragment programs: 224
23:50:19:  * Number of integer constants for fragment programs: 16
23:50:19:  * Number of boolean constants for fragment programs: 16
23:50:19:  * Geometry programs: no
23:50:19:  * Number of floating-point constants for geometry programs: 0
23:50:19:  * Number of integer constants for geometry programs: 15
23:50:19:  * Number of boolean constants for geometry programs: 0
23:50:19:  * Tesselation Hull programs: no
23:50:19:  * Number of floating-point constants for tesselation hull programs: 0
23:50:19:  * Number of integer constants for tesselation hull programs: 0
23:50:19:  * Number of boolean constants for tesselation hull programs: 15
23:50:19:  * Tesselation Domain programs: no
23:50:19:  * Number of floating-point constants for tesselation domain programs: 0
23:50:19:  * Number of integer constants for tesselation domain programs: 21264
23:50:19:  * Number of boolean constants for tesselation domain programs: 29
23:50:19:  * Compute programs: no
23:50:19:  * Number of floating-point constants for compute programs: 20972
23:50:19:  * Number of integer constants for compute programs: 29
23:50:19:  * Number of boolean constants for compute programs: 0
23:50:19:  * Supported Shader Profiles: hlsl ps_1_1 ps_1_2 ps_1_3 ps_1_4 ps_2_0 ps_2_a ps_2_b ps_2_x ps_3_0 vs_1_1 vs_2_0 vs_2_a vs_2_x vs_3_0
23:50:19:  * Texture Compression: yes
23:50:19:    - DXT: yes
23:50:19:    - VTC: no
23:50:19:    - PVRTC: no
23:50:19:    - ATC: no
23:50:19:    - ETC1: no
23:50:19:    - ETC2: no
23:50:19:    - BC4/BC5: no
23:50:19:    - BC6H/BC7: no
23:50:19:  * Scissor Rectangle: yes
23:50:19:  * Hardware Occlusion Query: yes
23:50:19:  * User clip planes: yes
23:50:19:  * VET_UBYTE4 vertex element type: yes
23:50:19:  * Infinite far plane projection: yes
23:50:19:  * Hardware render-to-texture: yes
23:50:19:  * Floating point textures: yes
23:50:19:  * Non-power-of-two textures: yes
23:50:19:  * 1d textures: yes
23:50:19:  * Volume textures: yes
23:50:19:  * Multiple Render Targets: 4
23:50:19:    - With different bit depths: yes
23:50:19:  * Point Sprites: yes
23:50:19:  * Extended point parameters: yes
23:50:19:  * Max Point Size: 8192
23:50:19:  * Vertex texture fetch: yes
23:50:19:  * Number of world matrices: 0
23:50:19:  * Number of texture units: 8
23:50:19:  * Stencil buffer depth: 8
23:50:19:  * Number of vertex blend matrices: 0
23:50:19:    - Max vertex textures: 4
23:50:19:    - Vertex textures shared: no
23:50:19:  * Render to Vertex Buffer : no
23:50:19:  * Hardware Atomic Counters: no
23:50:19:  * DirectX per stage constants: yes
23:50:19: ***************************************
23:50:19: *** D3D9 : Subsystem Initialised OK ***
23:50:19: ***************************************
23:50:19: DefaultWorkQueue('Root') initialising on thread 24bc.
23:50:19: DefaultWorkQueue('Root')::WorkerFunc - thread 2f94 starting.
23:50:19: DefaultWorkQueue('Root')::WorkerFunc - thread 4bc8 starting.
23:50:19: Particle Renderer Type 'billboard' registered
23:50:19: SceneManagerFactory for type 'PCZSceneManager' registered.
23:50:19: MovableObjectFactory for type 'PCZLight' registered.
23:50:19: MovableObjectFactory for type 'Portal' registered.
23:50:19: MovableObjectFactory for type 'AntiPortal' registered.
23:50:19: PCZone Factory Type 'ZoneType_Octree' registered
23:50:19: SceneManagerFactory for type 'OctreeSceneManager' registered.
23:50:20: OverlayElementFactory for type Panel registered.
23:50:20: OverlayElementFactory for type BorderPanel registered.
23:50:20: OverlayElementFactory for type TextArea registered.
23:50:20: Registering ResourceManager for type Font
23:50:20: *** Initializing OIS ***
23:50:20: Initialising resource group Essential
23:50:20: Parsing scripts for resource group Essential
23:50:20: Parsing script SdkTrays.material
23:50:20: Parsing script SdkTrays.fontdef
23:50:20: Parsing script SdkTrays.overlay
23:50:20: Texture: sdk_cursor.png: Loading 1 faces(PF_A8R8G8B8,32x32x1) Internal format is PF_A8R8G8B8,32x32x1.
23:50:20: Texture: sdk_tray.png: Loading 1 faces(PF_A8R8G8B8,64x64x1) Internal format is PF_A8R8G8B8,64x64x1.
23:50:20: Texture: sdk_button_up.png: Loading 1 faces(PF_A8R8G8B8,128x32x1) Internal format is PF_A8R8G8B8,128x32x1.
23:50:20: Texture: sdk_text_box.png: Loading 1 faces(PF_A8R8G8B8,32x32x1) Internal format is PF_A8R8G8B8,32x32x1.
23:50:20: Texture: sdk_mini_tray.png: Loading 1 faces(PF_A8R8G8B8,32x32x1) Internal format is PF_A8R8G8B8,32x32x1.
23:50:20: Texture: sdk_track.png: Loading 1 faces(PF_A8R8G8B8,16x32x1) Internal format is PF_A8R8G8B8,16x32x1.
23:50:20: Texture: sdk_handle.png: Loading 1 faces(PF_A8R8G8B8,16x16x1) Internal format is PF_A8R8G8B8,16x16x1.
23:50:20: Texture: sdk_mini_text_box.png: Loading 1 faces(PF_A8R8G8B8,32x32x1) Internal format is PF_A8R8G8B8,32x32x1.
23:50:20: Texture: sdk_label.png: Loading 1 faces(PF_A8R8G8B8,32x32x1) Internal format is PF_A8R8G8B8,32x32x1.
23:50:20: Texture: sdk_separator.png: Loading 1 faces(PF_A8R8G8B8,64x16x1) Internal format is PF_A8R8G8B8,64x16x1.
23:50:20: Texture: sdk_logo.png: Loading 1 faces(PF_A8R8G8B8,128x64x1) Internal format is PF_A8R8G8B8,128x64x1.
23:50:20: Texture: sdk_shade.png: Loading 1 faces(PF_A8R8G8B8,64x48x1) with 5 generated mipmaps from Image. Internal format is PF_A8R8G8B8,64x48x1.
23:50:20: Texture: sdk_frame.png: Loading 1 faces(PF_A8R8G8B8,32x32x1) Internal format is PF_A8R8G8B8,32x32x1.
23:50:20: Texture: sdk_mini_text_box_over.png: Loading 1 faces(PF_A8R8G8B8,32x32x1) Internal format is PF_A8R8G8B8,32x32x1.
23:50:20: Texture: sdk_pulse.png: Loading 1 faces(PF_R8G8B8,8x1x1) Internal format is PF_X8R8G8B8,8x1x1.
23:50:20: Finished parsing scripts for resource group Essential
23:50:20: Creating resources for group Essential
23:50:20: All done
23:50:20: Initialising resource group General
23:50:20: Parsing scripts for resource group General
23:50:20: Font SdkTrays/Caption using texture size 512x256
23:50:20: Info: Freetype returned null for character 160 in font SdkTrays/Caption
23:50:20: Texture: SdkTrays/CaptionTexture: Loading 1 faces(PF_BYTE_LA,512x256x1) with 0 generated mipmaps from Image. Internal format is PF_BYTE_LA,512x256x1.
23:50:20: Font SdkTrays/Value using texture size 512x256
23:50:20: Info: Freetype returned null for character 127 in font SdkTrays/Value
23:50:20: Info: Freetype returned null for character 128 in font SdkTrays/Value
23:50:20: Info: Freetype returned null for character 129 in font SdkTrays/Value
23:50:20: Info: Freetype returned null for character 130 in font SdkTrays/Value
23:50:20: Info: Freetype returned null for character 131 in font SdkTrays/Value
23:50:20: Info: Freetype returned null for character 132 in font SdkTrays/Value
23:50:20: Info: Freetype returned null for character 133 in font SdkTrays/Value
23:50:20: Info: Freetype returned null for character 134 in font SdkTrays/Value
23:50:20: Info: Freetype returned null for character 135 in font SdkTrays/Value
23:50:20: Info: Freetype returned null for character 136 in font SdkTrays/Value
23:50:20: Info: Freetype returned null for character 137 in font SdkTrays/Value
23:50:20: Info: Freetype returned null for character 138 in font SdkTrays/Value
23:50:20: Info: Freetype returned null for character 139 in font SdkTrays/Value
23:50:20: Info: Freetype returned null for character 140 in font SdkTrays/Value
23:50:20: Info: Freetype returned null for character 141 in font SdkTrays/Value
23:50:20: Info: Freetype returned null for character 142 in font SdkTrays/Value
23:50:20: Info: Freetype returned null for character 143 in font SdkTrays/Value
23:50:20: Info: Freetype returned null for character 144 in font SdkTrays/Value
23:50:20: Info: Freetype returned null for character 145 in font SdkTrays/Value
23:50:20: Info: Freetype returned null for character 146 in font SdkTrays/Value
23:50:20: Info: Freetype returned null for character 147 in font SdkTrays/Value
23:50:20: Info: Freetype returned null for character 148 in font SdkTrays/Value
23:50:20: Info: Freetype returned null for character 149 in font SdkTrays/Value
23:50:20: Info: Freetype returned null for character 150 in font SdkTrays/Value
23:50:20: Info: Freetype returned null for character 151 in font SdkTrays/Value
23:50:20: Info: Freetype returned null for character 152 in font SdkTrays/Value
23:50:20: Info: Freetype returned null for character 153 in font SdkTrays/Value
23:50:20: Info: Freetype returned null for character 154 in font SdkTrays/Value
23:50:20: Info: Freetype returned null for character 155 in font SdkTrays/Value
23:50:20: Info: Freetype returned null for character 156 in font SdkTrays/Value
23:50:20: Info: Freetype returned null for character 157 in font SdkTrays/Value
23:50:20: Info: Freetype returned null for character 158 in font SdkTrays/Value
23:50:20: Info: Freetype returned null for character 159 in font SdkTrays/Value
23:50:20: Info: Freetype returned null for character 160 in font SdkTrays/Value
23:50:20: Texture: SdkTrays/ValueTexture: Loading 1 faces(PF_BYTE_LA,512x256x1) with 0 generated mipmaps from Image. Internal format is PF_BYTE_LA,512x256x1.
23:50:20: Finished parsing scripts for resource group General
23:50:20: Creating resources for group General
23:50:20: All done
23:50:20: Initialising resource group Popular
23:50:20: Parsing scripts for resource group Popular
23:50:20: Parsing script Dragon.material
23:50:20: Parsing script Dragon.MESH.material
23:50:20: Parsing script Examples.material
23:50:20: Parsing script GhostDragon.MESH.material
23:50:20: Parsing script meizhi.MESH.material
23:50:20: Parsing script Moutain.MESH.material
23:50:20: Parsing script SkyBox.material
23:50:20: Parsing script smoke.material
23:50:20: Parsing script yuntianheAppend.MESH.material
23:50:20: Parsing script AxeSword.MESH.material
23:50:20: Parsing script BigSword.MESH.material
23:50:20: Parsing script BlackWhiteSword.MESH.material
23:50:20: Parsing script EightDiagramsSword.MESH.material
23:50:20: Parsing script GoldenSword.MESH.material
23:50:20: Parsing script GoodSword.MESH.material
23:50:20: Parsing script GraySword.MESH.material
23:50:20: Parsing script GreenSword.MESH.material
23:50:20: Parsing script HelicalSword.MESH.material
23:50:20: Parsing script JunSword.MESH.material
23:50:20: Parsing script PurpleSword.MESH.material
23:50:20: Parsing script RedSword.MESH.material
23:50:20: Parsing script RedSword2.MESH.material
23:50:20: Parsing script RedSword3.MESH.material
23:50:20: Parsing script SpinousSword.MESH.material
23:50:20: Parsing script beyond.particle
23:50:20: Parsing script smoke.particle
23:50:20: Finished parsing scripts for resource group Popular
23:50:20: Creating resources for group Popular
23:50:20: All done
23:50:20: Texture: _cegui_ogre_0: Loading 1 faces(PF_A8B8G8R8,256x256x1) with 0 generated mipmaps from Image. Internal format is PF_A8R8G8B8,256x256x1.
23:50:21: Texture: _cegui_ogre_1: Loading 1 faces(PF_A8B8G8R8,256x256x1) with 0 generated mipmaps from Image. Internal format is PF_A8R8G8B8,256x256x1.
23:50:21: Texture: _cegui_ogre_2: Loading 1 faces(PF_A8B8G8R8,128x128x1) with 0 generated mipmaps from Image. Internal format is PF_A8R8G8B8,128x128x1.
23:50:21: SoundManager Initialized
23:50:22: Texture: _cegui_ogre_3: Loading 1 faces(PF_B8G8R8,39x39x1) with 0 generated mipmaps from Image. Internal format is PF_X8R8G8B8,39x39x1.
23:50:22: Texture: _cegui_ogre_4: Loading 1 faces(PF_B8G8R8,33x33x1) with 0 generated mipmaps from Image. Internal format is PF_X8R8G8B8,33x33x1.
23:50:22: Texture: _cegui_ogre_5: Loading 1 faces(PF_B8G8R8,34x34x1) with 0 generated mipmaps from Image. Internal format is PF_X8R8G8B8,34x34x1.
23:50:22: Texture: _cegui_ogre_6: Loading 1 faces(PF_A8B8G8R8,136x136x1) with 0 generated mipmaps from Image. Internal format is PF_A8R8G8B8,136x136x1.
23:50:22: Texture: _cegui_ogre_7: Loading 1 faces(PF_B8G8R8,838x84x1) with 0 generated mipmaps from Image. Internal format is PF_X8R8G8B8,838x84x1.
23:50:22: Texture: _cegui_ogre_8: Loading 1 faces(PF_B8G8R8,838x84x1) with 0 generated mipmaps from Image. Internal format is PF_X8R8G8B8,838x84x1.
23:50:22: Texture: _cegui_ogre_9: Loading 1 faces(PF_B8G8R8,838x84x1) with 0 generated mipmaps from Image. Internal format is PF_X8R8G8B8,838x84x1.
23:50:22: Texture: _cegui_ogre_10: Loading 1 faces(PF_B8G8R8,838x84x1) with 0 generated mipmaps from Image. Internal format is PF_X8R8G8B8,838x84x1.
23:50:22: Texture: _cegui_ogre_11: Loading 1 faces(PF_B8G8R8,838x84x1) with 0 generated mipmaps from Image. Internal format is PF_X8R8G8B8,838x84x1.
23:50:22: Texture: _cegui_ogre_12: Loading 1 faces(PF_B8G8R8,838x84x1) with 0 generated mipmaps from Image. Internal format is PF_X8R8G8B8,838x84x1.
23:50:22: Texture: _cegui_ogre_13: Loading 1 faces(PF_B8G8R8,838x84x1) with 0 generated mipmaps from Image. Internal format is PF_X8R8G8B8,838x84x1.
23:50:22: Texture: _cegui_ogre_14: Loading 1 faces(PF_B8G8R8,838x84x1) with 0 generated mipmaps from Image. Internal format is PF_X8R8G8B8,838x84x1.
23:50:22: Texture: _cegui_ogre_15: Loading 1 faces(PF_B8G8R8,838x84x1) with 0 generated mipmaps from Image. Internal format is PF_X8R8G8B8,838x84x1.
23:50:22: Texture: _cegui_ogre_16: Loading 1 faces(PF_B8G8R8,838x84x1) with 0 generated mipmaps from Image. Internal format is PF_X8R8G8B8,838x84x1.
23:50:23: Texture: _cegui_ogre_17: Loading 1 faces(PF_B8G8R8,838x84x1) with 0 generated mipmaps from Image. Internal format is PF_X8R8G8B8,838x84x1.
23:50:23: Texture: _cegui_ogre_19: Loading 1 faces(PF_A8B8G8R8,256x256x1) with 0 generated mipmaps from Image. Internal format is PF_A8R8G8B8,256x256x1.
23:50:23: Texture: _cegui_ogre_48: Loading 1 faces(PF_A8B8G8R8,192x192x1) with 0 generated mipmaps from Image. Internal format is PF_A8R8G8B8,192x192x1.
23:50:23: Texture: _cegui_ogre_49: Loading 1 faces(PF_A8B8G8R8,192x192x1) with 0 generated mipmaps from Image. Internal format is PF_A8R8G8B8,192x192x1.
23:50:23: Texture: _cegui_ogre_50: Loading 1 faces(PF_A8B8G8R8,192x192x1) with 0 generated mipmaps from Image. Internal format is PF_A8R8G8B8,192x192x1.
23:50:23: Texture: _cegui_ogre_51: Loading 1 faces(PF_A8B8G8R8,192x192x1) with 0 generated mipmaps from Image. Internal format is PF_A8R8G8B8,192x192x1.
23:50:23: Texture: _cegui_ogre_52: Loading 1 faces(PF_A8B8G8R8,192x192x1) with 0 generated mipmaps from Image. Internal format is PF_A8R8G8B8,192x192x1.
23:50:23: Texture: _cegui_ogre_53: Loading 1 faces(PF_A8B8G8R8,192x192x1) with 0 generated mipmaps from Image. Internal format is PF_A8R8G8B8,192x192x1.
23:50:23: Texture: _cegui_ogre_54: Loading 1 faces(PF_A8B8G8R8,192x192x1) with 0 generated mipmaps from Image. Internal format is PF_A8R8G8B8,192x192x1.
23:50:23: Texture: _cegui_ogre_55: Loading 1 faces(PF_A8B8G8R8,192x192x1) with 0 generated mipmaps from Image. Internal format is PF_A8R8G8B8,192x192x1.
23:50:23: Texture: _cegui_ogre_56: Loading 1 faces(PF_A8B8G8R8,192x192x1) with 0 generated mipmaps from Image. Internal format is PF_A8R8G8B8,192x192x1.
23:50:23: Texture: _cegui_ogre_57: Loading 1 faces(PF_A8B8G8R8,387x356x1) with 0 generated mipmaps from Image. Internal format is PF_A8R8G8B8,387x356x1.
23:50:23: Texture: _cegui_ogre_58: Loading 1 faces(PF_B8G8R8,1280x800x1) with 0 generated mipmaps from Image. Internal format is PF_X8R8G8B8,1280x800x1.
23:50:24: Texture: _cegui_ogre_59: Loading 1 faces(PF_B8G8R8,1920x1080x1) with 0 generated mipmaps from Image. Internal format is PF_X8R8G8B8,1920x1080x1.
23:50:24: Texture: _cegui_ogre_60: Loading 1 faces(PF_B8G8R8,1280x800x1) with 0 generated mipmaps from Image. Internal format is PF_X8R8G8B8,1280x800x1.
23:50:24: Texture: _cegui_ogre_61: Loading 1 faces(PF_B8G8R8,1280x800x1) with 0 generated mipmaps from Image. Internal format is PF_X8R8G8B8,1280x800x1.
23:50:24: Texture: _cegui_ogre_62: Loading 1 faces(PF_B8G8R8,1280x800x1) with 0 generated mipmaps from Image. Internal format is PF_X8R8G8B8,1280x800x1.
23:50:24: Texture: _cegui_ogre_63: Loading 1 faces(PF_B8G8R8,1280x800x1) with 0 generated mipmaps from Image. Internal format is PF_X8R8G8B8,1280x800x1.
23:50:24: Texture: _cegui_ogre_64: Loading 1 faces(PF_A8B8G8R8,674x117x1) with 0 generated mipmaps from Image. Internal format is PF_A8R8G8B8,674x117x1.
23:50:24: Texture: _cegui_ogre_65: Loading 1 faces(PF_B8G8R8,523x477x1) with 0 generated mipmaps from Image. Internal format is PF_X8R8G8B8,523x477x1.
23:50:24: Texture: _cegui_ogre_66: Loading 1 faces(PF_B8G8R8,195x194x1) with 0 generated mipmaps from Image. Internal format is PF_X8R8G8B8,195x194x1.
23:50:24: Texture: _cegui_ogre_67: Loading 1 faces(PF_B8G8R8,253x253x1) with 0 generated mipmaps from Image. Internal format is PF_X8R8G8B8,253x253x1.
23:50:24: Texture: _cegui_ogre_68: Loading 1 faces(PF_B8G8R8,494x494x1) with 0 generated mipmaps from Image. Internal format is PF_X8R8G8B8,494x494x1.
23:50:24: Texture: _cegui_ogre_69: Loading 1 faces(PF_B8G8R8,249x249x1) with 0 generated mipmaps from Image. Internal format is PF_X8R8G8B8,249x249x1.
23:50:24: Texture: _cegui_ogre_70: Loading 1 faces(PF_B8G8R8,1264x732x1) with 0 generated mipmaps from Image. Internal format is PF_X8R8G8B8,1264x732x1.
23:50:24: Texture: _cegui_ogre_71: Loading 1 faces(PF_B8G8R8,1264x732x1) with 0 generated mipmaps from Image. Internal format is PF_X8R8G8B8,1264x732x1.
23:50:24: Texture: _cegui_ogre_72: Loading 1 faces(PF_B8G8R8,1264x732x1) with 0 generated mipmaps from Image. Internal format is PF_X8R8G8B8,1264x732x1.
23:50:24: Texture: _cegui_ogre_73: Loading 1 faces(PF_B8G8R8,1264x732x1) with 0 generated mipmaps from Image. Internal format is PF_X8R8G8B8,1264x732x1.
23:50:24: Texture: _cegui_ogre_74: Loading 1 faces(PF_B8G8R8,1264x732x1) with 0 generated mipmaps from Image. Internal format is PF_X8R8G8B8,1264x732x1.
23:50:24: Texture: _cegui_ogre_75: Loading 1 faces(PF_B8G8R8,1264x732x1) with 0 generated mipmaps from Image. Internal format is PF_X8R8G8B8,1264x732x1.
23:50:33: Texture: ThickCloudsWater_fr.png: Loading 1 faces(PF_R8G8B8,2048x2048x1) Internal format is PF_X8R8G8B8,2048x2048x1.
23:50:34: Texture: ThickCloudsWater_bk.png: Loading 1 faces(PF_R8G8B8,2048x2048x1) Internal format is PF_X8R8G8B8,2048x2048x1.
23:50:34: Texture: ThickCloudsWater_lf.png: Loading 1 faces(PF_R8G8B8,2048x2048x1) Internal format is PF_X8R8G8B8,2048x2048x1.
23:50:35: Texture: ThickCloudsWater_rt.png: Loading 1 faces(PF_R8G8B8,2048x2048x1) Internal format is PF_X8R8G8B8,2048x2048x1.
23:50:35: Texture: ThickCloudsWater_up.png: Loading 1 faces(PF_R8G8B8,2048x2048x1) Internal format is PF_X8R8G8B8,2048x2048x1.
23:50:36: Texture: ThickCloudsWater_dn.png: Loading 1 faces(PF_R8G8B8,2048x2048x1) Internal format is PF_X8R8G8B8,2048x2048x1.
23:50:36: Mesh: Loading Moutain.MESH.mesh.
23:50:36: D3D9 : Loading 2D Texture, image name : 'd694197c.dds' with 5 mip map levels
23:50:36: D3D9 : Loading 2D Texture, image name : '05e266e4.dds' with 5 mip map levels
23:50:36: D3D9 : Loading 2D Texture, image name : '7e8281eb.dds' with 5 mip map levels
23:50:36: D3D9 : Loading 2D Texture, image name : '6c2be476.dds' with 5 mip map levels
23:50:36: D3D9 : Loading 2D Texture, image name : '23e22518.dds' with 5 mip map levels
23:50:36: D3D9 : Loading 2D Texture, image name : '64a5fda3.dds' with 5 mip map levels
23:50:36: D3D9 : Loading 2D Texture, image name : '5c9fd3fa.dds' with 5 mip map levels
23:50:37: D3D9 : Loading 2D Texture, image name : '3b4d8ae1.dds' with 5 mip map levels
23:50:37: D3D9 : Loading 2D Texture, image name : 'b686e017.dds' with 5 mip map levels
23:50:37: D3D9 : Loading 2D Texture, image name : 'cb9c6731.dds' with 5 mip map levels
23:50:37: D3D9 : Loading 2D Texture, image name : '161051ce.dds' with 5 mip map levels
23:50:37: D3D9 : Loading 2D Texture, image name : 'be5c0c4e.dds' with 5 mip map levels
23:50:37: OGRE EXCEPTION(6:FileNotFoundException): Cannot locate resource 90fb0916.dds in resource group Popular or any other group. in ResourceGroupManager::openResource at ..\..\..\..\OgreMain\src\OgreResourceGroupManager.cpp (line 756)
23:50:37: Error loading texture 90fb0916.dds. Texture layer will be blank. Loading the texture failed with the following exception: OGRE EXCEPTION(6:FileNotFoundException): Cannot locate resource 90fb0916.dds in resource group Popular or any other group. in ResourceGroupManager::openResource at ..\..\..\..\OgreMain\src\OgreResourceGroupManager.cpp (line 756)
23:50:37: D3D9 : Loading 2D Texture, image name : '949c05e7.dds' with 5 mip map levels
23:50:37: D3D9 : Loading 2D Texture, image name : '08bf7302.dds' with 5 mip map levels
23:50:37: D3D9 : Loading 2D Texture, image name : 'e6d55998.dds' with 5 mip map levels
23:50:38: D3D9 : Loading 2D Texture, image name : 'ec85e853.dds' with 5 mip map levels
23:50:38: D3D9 : Loading 2D Texture, image name : 'e0ab7367.dds' with 5 mip map levels
23:50:38: D3D9 : Loading 2D Texture, image name : 'dae90159.dds' with 5 mip map levels
23:50:38: D3D9 : Loading 2D Texture, image name : 'd7acefbd.dds' with 5 mip map levels
23:50:38: D3D9 : Loading 2D Texture, image name : '75547712.dds' with 5 mip map levels
23:50:38: D3D9 : Loading 2D Texture, image name : '9ca4ed2a.dds' with 5 mip map levels
23:50:38: D3D9 : Loading 2D Texture, image name : '9923e16f.dds' with 5 mip map levels
23:50:38: D3D9 : Loading 2D Texture, image name : '0753fada.dds' with 5 mip map levels
23:50:38: D3D9 : Loading 2D Texture, image name : '78c4505c.dds' with 5 mip map levels
23:50:38: D3D9 : Loading 2D Texture, image name : '6eaf04ff.dds' with 5 mip map levels
23:50:38: D3D9 : Loading 2D Texture, image name : '0489afa6.dds' with 5 mip map levels
23:50:38: D3D9 : Loading 2D Texture, image name : '04e7ed0a.dds' with 5 mip map levels
23:50:38: D3D9 : Loading 2D Texture, image name : '71e6d911.dds' with 5 mip map levels
23:50:38: D3D9 : Loading 2D Texture, image name : 'fd134246.dds' with 5 mip map levels
23:50:39: D3D9 : Loading 2D Texture, image name : 'b5d06a91.dds' with 5 mip map levels
23:50:39: D3D9 : Loading 2D Texture, image name : '936ef12a.dds' with 5 mip map levels
23:50:39: D3D9 : Loading 2D Texture, image name : '993b8424.dds' with 5 mip map levels
23:50:39: D3D9 : Loading 2D Texture, image name : '370b3fa9.dds' with 5 mip map levels
23:50:39: D3D9 : Loading 2D Texture, image name : 'e3150310.dds' with 5 mip map levels
23:50:39: D3D9 : Loading 2D Texture, image name : '91e4667f.dds' with 5 mip map levels
23:50:39: D3D9 : Loading 2D Texture, image name : '909fbdd5.dds' with 5 mip map levels
23:50:39: D3D9 : Loading 2D Texture, image name : '548cea16.dds' with 5 mip map levels
23:50:39: D3D9 : Loading 2D Texture, image name : 'f8e7ba91.dds' with 5 mip map levels
23:50:39: D3D9 : Loading 2D Texture, image name : 'f439954c.dds' with 5 mip map levels
23:50:39: D3D9 : Loading 2D Texture, image name : 'f273b81a.dds' with 5 mip map levels
23:50:42: Mesh: Loading Dragon.MESH.mesh.
23:50:42: Skeleton: Loading Dragon.MESH.skeleton
23:50:43: Texture: Nozdormu3.TGA: Loading 1 faces(PF_A8R8G8B8,512x512x1) Internal format is PF_A8R8G8B8,512x512x1.
23:50:43: Texture: Nozdormu2.TGA: Loading 1 faces(PF_A8R8G8B8,512x512x1) Internal format is PF_A8R8G8B8,512x512x1.
23:50:43: Texture: Nozdormu1.TGA: Loading 1 faces(PF_A8R8G8B8,512x512x1) Internal format is PF_A8R8G8B8,512x512x1.
23:50:43: Mesh: Loading meizhi.MESH.mesh.
23:50:43: D3D9 : Loading 2D Texture, image name : '3271e4a0_0.dds' with 5 mip map levels
23:50:43: D3D9 : Loading 2D Texture, image name : '3271d998_0.dds' with 5 mip map levels
23:50:43: D3D9 : Loading 2D Texture, image name : '3271ce90_0.dds' with 5 mip map levels
23:50:43: D3D9 : Loading 2D Texture, image name : '3271c388_0.dds' with 5 mip map levels
23:50:43: OGRE EXCEPTION(6:FileNotFoundException): Cannot locate resource 276a458_0.dds in resource group Popular or any other group. in ResourceGroupManager::openResource at ..\..\..\..\OgreMain\src\OgreResourceGroupManager.cpp (line 756)
23:50:43: Error loading texture 276a458_0.dds. Texture layer will be blank. Loading the texture failed with the following exception: OGRE EXCEPTION(6:FileNotFoundException): Cannot locate resource 276a458_0.dds in resource group Popular or any other group. in ResourceGroupManager::openResource at ..\..\..\..\OgreMain\src\OgreResourceGroupManager.cpp (line 756)
23:50:43: Mesh: Loading yuntianheAppend.MESH.mesh.
23:50:43: D3D9 : Loading 2D Texture, image name : 'ce201c4a.dds' with 5 mip map levels
23:50:44: D3D9 : Loading 2D Texture, image name : '550f94e2.dds' with 5 mip map levels
23:50:44: D3D9 : Loading 2D Texture, image name : 'e8182cf9.dds' with 5 mip map levels
23:50:44: D3D9 : Loading 2D Texture, image name : '96517afc.dds' with 5 mip map levels
23:50:44: OGRE EXCEPTION(6:FileNotFoundException): Cannot locate resource b23a2911.dds in resource group Popular or any other group. in ResourceGroupManager::openResource at ..\..\..\..\OgreMain\src\OgreResourceGroupManager.cpp (line 756)
23:50:44: Error loading texture b23a2911.dds. Texture layer will be blank. Loading the texture failed with the following exception: OGRE EXCEPTION(6:FileNotFoundException): Cannot locate resource b23a2911.dds in resource group Popular or any other group. in ResourceGroupManager::openResource at ..\..\..\..\OgreMain\src\OgreResourceGroupManager.cpp (line 756)
23:50:44: Mesh: Loading RedSword.MESH.mesh.
23:50:44: D3D9 : Loading 2D Texture, image name : 'jycx02p5_d.dds' with 5 mip map levels
23:50:44: Mesh: Loading RedSword2.MESH.mesh.
23:50:44: Mesh: Loading RedSword3.MESH.mesh.
23:50:44: D3D9 : Loading 2D Texture, image name : 'qfsp5_d_bianse.DDS' with 5 mip map levels
23:50:44: Mesh: Loading SpinousSword.MESH.mesh.
23:50:44: D3D9 : Loading 2D Texture, image name : 'hjbh02p5_d.dds' with 5 mip map levels
23:50:44: Mesh: Loading PurpleSword.MESH.mesh.
23:50:44: D3D9 : Loading 2D Texture, image name : 'mhc02p5_d.dds' with 5 mip map levels
23:50:44: Mesh: Loading BigSword.MESH.mesh.
23:50:44: D3D9 : Loading 2D Texture, image name : 'bsp5_FG.dds' with 5 mip map levels
23:50:44: D3D9 : Loading 2D Texture, image name : 'yzmy_d.dds' with 5 mip map levels
23:50:44: D3D9 : Loading 2D Texture, image name : 'ENVMAPS_2.dds' with 5 mip map levels
23:50:44: Mesh: Loading GreenSword.MESH.mesh.
23:50:44: D3D9 : Loading 2D Texture, image name : 'qfsp5_d.DDS' with 5 mip map levels
23:50:44: Mesh: Loading GraySword.MESH.mesh.
23:50:45: D3D9 : Loading 2D Texture, image name : 'yzp5_d.DDS' with 5 mip map levels
23:50:45: Mesh: Loading BlackWhiteSword.MESH.mesh.
23:50:45: D3D9 : Loading 2D Texture, image name : 'cwp5_d.dds' with 5 mip map levels
23:50:45: Mesh: Loading AxeSword.MESH.mesh.
23:50:45: D3D9 : Loading 2D Texture, image name : 'jgdp5_d.dds' with 5 mip map levels
23:50:45: Mesh: Loading GoldenSword.MESH.mesh.
23:50:45: D3D9 : Loading 2D Texture, image name : 'qxjp5_d.DDS' with 5 mip map levels
23:50:45: Mesh: Loading JunSword.MESH.mesh.
23:50:45: D3D9 : Loading 2D Texture, image name : 'nxdp5_d.DDS' with 5 mip map levels
23:50:45: Mesh: Loading EightDiagramsSword.MESH.mesh.
23:50:45: D3D9 : Loading 2D Texture, image name : 'wjjp5_d.DDS' with 5 mip map levels
23:50:45: Mesh: Loading GoodSword.MESH.mesh.
23:50:45: D3D9 : Loading 2D Texture, image name : 'bsp5_d.dds' with 5 mip map levels
23:50:45: Mesh: Loading HelicalSword.MESH.mesh.
23:50:45: D3D9 : Loading 2D Texture, image name : 'hjbhp5_d.DDS' with 5 mip map levels
23:50:46: Mesh: Loading knot.mesh.
23:50:46: Can't assign material 2 - Default to SubEntity of Knot because this Material does not exist. Have you forgotten to define it in a .material script?
23:50:46: Texture: Water01.jpg: Loading 1 faces(PF_R8G8B8,512x512x1) Internal format is PF_X8R8G8B8,512x512x1.
23:50:46: Mesh: Loading sphere.mesh.
23:50:46: Can't assign material Examples/sphere to SubEntity of sphere because this Material does not exist. Have you forgotten to define it in a .material script?
23:50:46: Mesh: Loading fish.mesh.
23:50:46: Skeleton: Loading fish.skeleton
23:50:46: Texture: steelhead.jpg: Loading 1 faces(PF_R8G8B8,512x512x1) Internal format is PF_X8R8G8B8,512x512x1.
23:50:46: WARNING: the mesh 'fish.mesh' includes vertices without bone assignments. Those vertices will transform to wrong position when skeletal animation enabled. To eliminate this, assign at least one bone assignment per vertex on your mesh.
23:50:47: Mesh: Loading Dragon.mesh.
23:50:47: Skeleton: Loading Dragon.skeleton
23:50:48: Texture: DragonSkin3Kalecgos.tga: Loading 1 faces(PF_A8R8G8B8,512x512x1) Internal format is PF_A8R8G8B8,512x512x1.
23:50:48: Texture: DragonSkin2Kalecgos.tga: Loading 1 faces(PF_A8R8G8B8,512x512x1) Internal format is PF_A8R8G8B8,512x512x1.
23:50:48: Texture: DragonSkin1Kalecgos.tga: Loading 1 faces(PF_A8R8G8B8,512x512x1) Internal format is PF_A8R8G8B8,512x512x1.
23:50:48: Mesh: Loading GhostDragon.MESH.mesh.
23:50:48: Skeleton: Loading GhostDragon.MESH.skeleton
23:50:48: Texture: viper_color.tga: Loading 1 faces(PF_A8R8G8B8,512x512x1) Internal format is PF_A8R8G8B8,512x512x1.
23:50:48: Texture: smoke.png: Loading 1 faces(PF_A8R8G8B8,256x256x1) Internal format is PF_A8R8G8B8,256x256x1.
23:50:48: Texture: flare.png: Loading 1 faces(PF_R8G8B8,256x256x1) Internal format is PF_X8R8G8B8,256x256x1.
23:50:48: Texture: aureola.png: Loading 1 faces(PF_A8R8G8B8,256x256x1) with 5 generated mipmaps from Image. Internal format is PF_BYTE_LA,256x256x1.
23:50:48: Texture: basic_droplet.png: Loading 1 faces(PF_R8G8B8,64x64x1) Internal format is PF_X8R8G8B8,64x64x1.
23:50:52: Unregistering ResourceManager for type Font
23:50:52: DefaultWorkQueue('Root') shutting down on thread 24bc.
23:50:52: DefaultWorkQueue('Root')::WorkerFunc - thread 4bc8 stopped.
23:50:52: DefaultWorkQueue('Root')::WorkerFunc - thread 2f94 stopped.
23:50:52: PCZone Factory Type 'ZoneType_Octree' unregistered
23:50:52: *-*-* OGRE Shutdown
23:50:52: Unregistering ResourceManager for type Compositor
23:50:52: Unregistering ResourceManager for type Skeleton
23:50:52: Unregistering ResourceManager for type Mesh
23:50:52: Unregistering ResourceManager for type HighLevelGpuProgram
23:50:52: Uninstalling plugin: Octree Scene Manager
23:50:52: Plugin successfully uninstalled
23:50:52: Unloading library .\Plugin_OctreeSceneManager
23:50:52: Uninstalling plugin: Octree Zone Factory
23:50:52: Plugin successfully uninstalled
23:50:52: Unloading library .\Plugin_OctreeZone
23:50:52: Uninstalling plugin: Portal Connected Zone Scene Manager
23:50:52: Plugin successfully uninstalled
23:50:52: Unloading library .\Plugin_PCZSceneManager
23:50:52: Uninstalling plugin: ParticleFX
23:50:52: Plugin successfully uninstalled
23:50:52: Unloading library .\Plugin_ParticleFX
23:50:52: Uninstalling plugin: GL RenderSystem
23:50:52: *** Stopping Win32GL Subsystem ***
23:50:52: Plugin successfully uninstalled
23:50:52: Unloading library .\RenderSystem_GL
23:50:52: Uninstalling plugin: D3D9 RenderSystem
23:50:52: D3D9 device: 0x[0349A5E0] destroy. Releasing D3D9 texture: _cegui_ogre_2
23:50:52: Released D3D9 texture: _cegui_ogre_2
23:50:52: D3D9 device: 0x[0349A5E0] destroy. Releasing D3D9 texture: _cegui_ogre_1
23:50:52: Released D3D9 texture: _cegui_ogre_1
23:50:52: D3D9 device: 0x[0349A5E0] destroy. Releasing D3D9 texture: _cegui_ogre_5
23:50:52: Released D3D9 texture: _cegui_ogre_5
23:50:52: D3D9 device: 0x[0349A5E0] destroy. Releasing D3D9 texture: _cegui_ogre_0
23:50:52: Released D3D9 texture: _cegui_ogre_0
23:50:52: D3D9 device: 0x[0349A5E0] destroy. Releasing D3D9 texture: _cegui_ogre_3
23:50:52: Released D3D9 texture: _cegui_ogre_3
23:50:52: D3D9 device: 0x[0349A5E0] destroy. Releasing D3D9 texture: _cegui_ogre_4
23:50:52: Released D3D9 texture: _cegui_ogre_4
23:50:52: D3D9 device: 0x[0349A5E0] destroy. Releasing D3D9 texture: _cegui_ogre_6
23:50:52: Released D3D9 texture: _cegui_ogre_6
23:50:52: D3D9 device: 0x[0349A5E0] destroy. Releasing D3D9 texture: _cegui_ogre_9
23:50:52: Released D3D9 texture: _cegui_ogre_9
23:50:52: D3D9 device: 0x[0349A5E0] destroy. Releasing D3D9 texture: _cegui_ogre_66
23:50:52: Released D3D9 texture: _cegui_ogre_66
23:50:52: D3D9 device: 0x[0349A5E0] destroy. Releasing D3D9 texture: _cegui_ogre_50
23:50:52: Released D3D9 texture: _cegui_ogre_50
23:50:52: D3D9 device: 0x[0349A5E0] destroy. Releasing D3D9 texture: _cegui_ogre_51
23:50:52: Released D3D9 texture: _cegui_ogre_51
23:50:52: D3D9 device: 0x[0349A5E0] destroy. Releasing D3D9 texture: _cegui_ogre_52
23:50:52: Released D3D9 texture: _cegui_ogre_52
23:50:52: D3D9 device: 0x[0349A5E0] destroy. Releasing D3D9 texture: _cegui_ogre_53
23:50:52: Released D3D9 texture: _cegui_ogre_53
23:50:52: D3D9 device: 0x[0349A5E0] destroy. Releasing D3D9 texture: _cegui_ogre_54
23:50:52: Released D3D9 texture: _cegui_ogre_54
23:50:52: D3D9 device: 0x[0349A5E0] destroy. Releasing D3D9 texture: _cegui_ogre_55
23:50:52: Released D3D9 texture: _cegui_ogre_55
23:50:52: D3D9 device: 0x[0349A5E0] destroy. Releasing D3D9 texture: _cegui_ogre_56
23:50:52: Released D3D9 texture: _cegui_ogre_56
23:50:52: D3D9 device: 0x[0349A5E0] destroy. Releasing D3D9 texture: _cegui_ogre_57
23:50:52: Released D3D9 texture: _cegui_ogre_57
23:50:52: D3D9 device: 0x[0349A5E0] destroy. Releasing D3D9 texture: _cegui_ogre_58
23:50:52: Released D3D9 texture: _cegui_ogre_58
23:50:52: D3D9 device: 0x[0349A5E0] destroy. Releasing D3D9 texture: _cegui_ogre_59
23:50:52: Released D3D9 texture: _cegui_ogre_59
23:50:52: D3D9 device: 0x[0349A5E0] destroy. Releasing D3D9 texture: _cegui_ogre_60
23:50:52: Released D3D9 texture: _cegui_ogre_60
23:50:52: D3D9 device: 0x[0349A5E0] destroy. Releasing D3D9 texture: _cegui_ogre_61
23:50:52: Released D3D9 texture: _cegui_ogre_61
23:50:52: D3D9 device: 0x[0349A5E0] destroy. Releasing D3D9 texture: _cegui_ogre_62
23:50:52: Released D3D9 texture: _cegui_ogre_62
23:50:52: D3D9 device: 0x[0349A5E0] destroy. Releasing D3D9 texture: _cegui_ogre_63
23:50:52: Released D3D9 texture: _cegui_ogre_63
23:50:52: D3D9 device: 0x[0349A5E0] destroy. Releasing D3D9 texture: _cegui_ogre_64
23:50:52: Released D3D9 texture: _cegui_ogre_64
23:50:52: D3D9 device: 0x[0349A5E0] destroy. Releasing D3D9 texture: _cegui_ogre_65
23:50:52: Released D3D9 texture: _cegui_ogre_65
23:50:52: D3D9 device: 0x[0349A5E0] destroy. Releasing D3D9 texture: _cegui_ogre_7
23:50:52: Released D3D9 texture: _cegui_ogre_7
23:50:52: D3D9 device: 0x[0349A5E0] destroy. Releasing D3D9 texture: _cegui_ogre_8
23:50:52: Released D3D9 texture: _cegui_ogre_8
23:50:52: D3D9 device: 0x[0349A5E0] destroy. Releasing D3D9 texture: RTT
23:50:52: Released D3D9 texture: RTT
23:50:52: D3D9 device: 0x[0349A5E0] destroy. Releasing D3D9 texture: _cegui_ogre_69
23:50:52: Released D3D9 texture: _cegui_ogre_69
23:50:52: D3D9 device: 0x[0349A5E0] destroy. Releasing D3D9 texture: _cegui_ogre_70
23:50:52: Released D3D9 texture: _cegui_ogre_70
23:50:52: D3D9 device: 0x[0349A5E0] destroy. Releasing D3D9 texture: _cegui_ogre_71
23:50:52: Released D3D9 texture: _cegui_ogre_71
23:50:52: D3D9 device: 0x[0349A5E0] destroy. Releasing D3D9 texture: _cegui_ogre_72
23:50:52: Released D3D9 texture: _cegui_ogre_72
23:50:52: D3D9 device: 0x[0349A5E0] destroy. Releasing D3D9 texture: _cegui_ogre_73
23:50:52: Released D3D9 texture: _cegui_ogre_73
23:50:52: D3D9 device: 0x[0349A5E0] destroy. Releasing D3D9 texture: _cegui_ogre_74
23:50:52: Released D3D9 texture: _cegui_ogre_74
23:50:52: D3D9 device: 0x[0349A5E0] destroy. Releasing D3D9 texture: _cegui_ogre_75
23:50:52: Released D3D9 texture: _cegui_ogre_75
23:50:52: D3D9 device: 0x[0349A5E0] destroy. Releasing D3D9 texture: _cegui_ogre_67
23:50:52: Released D3D9 texture: _cegui_ogre_67
23:50:52: D3D9 device: 0x[0349A5E0] destroy. Releasing D3D9 texture: _cegui_ogre_68
23:50:52: Released D3D9 texture: _cegui_ogre_68
23:50:52: D3D9 device: 0x[0349A5E0] destroy. Releasing D3D9 texture: _cegui_ogre_10
23:50:52: Released D3D9 texture: _cegui_ogre_10
23:50:52: D3D9 device: 0x[0349A5E0] destroy. Releasing D3D9 texture: _cegui_ogre_11
23:50:52: Released D3D9 texture: _cegui_ogre_11
23:50:52: D3D9 device: 0x[0349A5E0] destroy. Releasing D3D9 texture: _cegui_ogre_12
23:50:52: Released D3D9 texture: _cegui_ogre_12
23:50:52: D3D9 device: 0x[0349A5E0] destroy. Releasing D3D9 texture: _cegui_ogre_13
23:50:52: Released D3D9 texture: _cegui_ogre_13
23:50:52: D3D9 device: 0x[0349A5E0] destroy. Releasing D3D9 texture: _cegui_ogre_14
23:50:52: Released D3D9 texture: _cegui_ogre_14
23:50:52: D3D9 device: 0x[0349A5E0] destroy. Releasing D3D9 texture: _cegui_ogre_15
23:50:52: Released D3D9 texture: _cegui_ogre_15
23:50:52: D3D9 device: 0x[0349A5E0] destroy. Releasing D3D9 texture: _cegui_ogre_16
23:50:52: Released D3D9 texture: _cegui_ogre_16
23:50:52: D3D9 device: 0x[0349A5E0] destroy. Releasing D3D9 texture: _cegui_ogre_17
23:50:52: Released D3D9 texture: _cegui_ogre_17
23:50:52: D3D9 device: 0x[0349A5E0] destroy. Releasing D3D9 texture: _cegui_ogre_19
23:50:52: Released D3D9 texture: _cegui_ogre_19
23:50:52: D3D9 device: 0x[0349A5E0] destroy. Releasing D3D9 texture: _cegui_ogre_48
23:50:52: Released D3D9 texture: _cegui_ogre_48
23:50:52: D3D9 device: 0x[0349A5E0] destroy. Releasing D3D9 texture: _cegui_ogre_49
23:50:52: Released D3D9 texture: _cegui_ogre_49
23:50:53: D3D9 : Shutting down cleanly.
23:50:53: Unregistering ResourceManager for type Texture
23:50:53: Unregistering ResourceManager for type GpuProgram
23:50:53: D3D9 : Direct3D9 Rendering Subsystem destroyed.
23:50:53: Plugin successfully uninstalled
23:50:53: Unloading library .\RenderSystem_Direct3D9
23:50:53: Unregistering ResourceManager for type Material
