23:48:31: Creating resource group General
23:48:31: Creating resource group Internal
23:48:31: Creating resource group Autodetect
23:48:31: SceneManagerFactory for type 'DefaultSceneManager' registered.
23:48:32: Registering ResourceManager for type Material
23:48:32: Registering ResourceManager for type Mesh
23:48:32: Registering ResourceManager for type Skeleton
23:48:32: MovableObjectFactory for type 'ParticleSystem' registered.
23:48:32: ArchiveFactory for archive type FileSystem registered.
23:48:32: ArchiveFactory for archive type Zip registered.
23:48:32: ArchiveFactory for archive type EmbeddedZip registered.
23:48:32: DDS codec registering
23:48:32: FreeImage version: 3.15.3
23:48:32: This program uses FreeImage, a free, open source image library supporting all common bitmap formats. See http://freeimage.sourceforge.net for details
23:48:32: Supported formats: bmp,ico,jpg,jif,jpeg,jpe,jng,koa,iff,lbm,mng,pbm,pbm,pcd,pcx,pgm,pgm,png,ppm,ppm,ras,tga,targa,tif,tiff,wap,wbmp,wbm,psd,cut,xbm,xpm,gif,hdr,g3,sgi,exr,j2k,j2c,jp2,pfm,pct,pict,pic,3fr,arw,bay,bmq,cap,cine,cr2,crw,cs1,dc2,dcr,drf,dsc,dng,erf,fff,ia,iiq,k25,kc2,kdc,mdc,mef,mos,mrw,nef,nrw,orf,pef,ptx,pxn,qtk,raf,raw,rdc,rw2,rwl,rwz,sr2,srf,srw,sti
23:48:32: Registering ResourceManager for type HighLevelGpuProgram
23:48:32: Registering ResourceManager for type Compositor
23:48:32: MovableObjectFactory for type 'Entity' registered.
23:48:32: MovableObjectFactory for type 'Light' registered.
23:48:32: MovableObjectFactory for type 'BillboardSet' registered.
23:48:32: MovableObjectFactory for type 'ManualObject' registered.
23:48:32: MovableObjectFactory for type 'BillboardChain' registered.
23:48:32: MovableObjectFactory for type 'RibbonTrail' registered.
23:48:33: Loading library .\RenderSystem_Direct3D9_d
23:48:33: Installing plugin: D3D9 RenderSystem
23:48:33: D3D9 : Direct3D9 Rendering Subsystem created.
23:48:33: D3D9: Driver Detection Starts
23:48:33: D3D9: Driver Detection Ends
23:48:33: Plugin successfully installed
23:48:33: Loading library .\RenderSystem_GL_d
23:48:37: Installing plugin: GL RenderSystem
23:48:39: OpenGL Rendering Subsystem created.
23:49:05: Plugin successfully installed
23:49:05: Loading library .\Plugin_ParticleFX_d
23:49:07: Installing plugin: ParticleFX
23:49:07: Particle Emitter Type 'Point' registered
23:49:07: Particle Emitter Type 'Box' registered
23:49:07: Particle Emitter Type 'Ellipsoid' registered
23:49:07: Particle Emitter Type 'Cylinder' registered
23:49:07: Particle Emitter Type 'Ring' registered
23:49:07: Particle Emitter Type 'HollowEllipsoid' registered
23:49:07: Particle Affector Type 'LinearForce' registered
23:49:07: Particle Affector Type 'ColourFader' registered
23:49:07: Particle Affector Type 'ColourFader2' registered
23:49:07: Particle Affector Type 'ColourImage' registered
23:49:07: Particle Affector Type 'ColourInterpolator' registered
23:49:07: Particle Affector Type 'Scaler' registered
23:49:07: Particle Affector Type 'Rotator' registered
23:49:07: Particle Affector Type 'DirectionRandomiser' registered
23:49:07: Particle Affector Type 'DeflectorPlane' registered
23:49:07: Plugin successfully installed
23:49:07: Loading library .\Plugin_OctreeSceneManager_d
23:49:08: Installing plugin: Octree Scene Manager
23:49:08: Plugin successfully installed
23:49:08: *-*-* OGRE Initialising
23:49:08: *-*-* Version 1.9.0 (Ghadamon)
23:49:08: Creating resource group Essential
23:49:09: Added resource location '../Media/GUI' of type 'FileSystem' to resource group 'Essential'
23:49:09: Added resource location '../Media/packs/SdkTrays.zip' of type 'Zip' to resource group 'Essential'
23:49:09: Creating resource group Fonts
23:49:09: Added resource location '../media/datafiles/fonts' of type 'FileSystem' to resource group 'Fonts'
23:49:09: Added resource location '../Media/sounds' of type 'FileSystem' to resource group 'General'
23:49:09: Added resource location '../Media/fonts' of type 'FileSystem' to resource group 'General'
23:49:09: Creating resource group Imagesets
23:49:09: Added resource location '../media/datafiles/imagesets' of type 'FileSystem' to resource group 'Imagesets'
23:49:09: Creating resource group LookNFeel
23:49:09: Added resource location '../media/datafiles/looknFeel' of type 'FileSystem' to resource group 'LookNFeel'
23:49:09: Creating resource group Popular
23:49:09: Added resource location '../Media/GUI/fire' of type 'FileSystem' to resource group 'Popular'
23:49:09: Added resource location '../Media/imagesets' of type 'FileSystem' to resource group 'Popular'
23:49:09: Added resource location '../Media/models' of type 'FileSystem' to resource group 'Popular'
23:49:09: Added resource location '../Media/models/Sword' of type 'FileSystem' to resource group 'Popular'
23:49:09: Added resource location '../Media/Materials/textures' of type 'FileSystem' to resource group 'Popular'
23:49:09: Added resource location '../Media/Materials/textures/yuntianhe' of type 'FileSystem' to resource group 'Popular'
23:49:09: Added resource location '../Media/Materials/textures/meizhi' of type 'FileSystem' to resource group 'Popular'
23:49:09: Added resource location '../Media/Materials/textures/Moutain' of type 'FileSystem' to resource group 'Popular'
23:49:09: Added resource location '../Media/Materials/textures/sword' of type 'FileSystem' to resource group 'Popular'
23:49:09: Added resource location '../Media/Materials/textures/mingjieyalong' of type 'FileSystem' to resource group 'Popular'
23:49:09: Added resource location '../Media/Materials/textures/MainDragon' of type 'FileSystem' to resource group 'Popular'
23:49:09: Added resource location '../Media/Materials/textures/Dragon' of type 'FileSystem' to resource group 'Popular'
23:49:09: Added resource location '../Media/Materials/scripts' of type 'FileSystem' to resource group 'Popular'
23:49:09: Added resource location '../Media/Materials/scripts/Sword' of type 'FileSystem' to resource group 'Popular'
23:49:09: Added resource location '../Media/particles' of type 'FileSystem' to resource group 'Popular'
23:49:09: Added resource location '../Media/packs/Cloudy.zip' of type 'Zip' to resource group 'Popular'
23:49:09: Added resource location '../Media/packs/SunSet.zip' of type 'Zip' to resource group 'Popular'
23:49:10: Added resource location '../Media/packs/TropicalSunnyDay.zip' of type 'Zip' to resource group 'Popular'
23:49:10: Added resource location '../Media/packs/ThickCloudsWater.zip' of type 'Zip' to resource group 'Popular'
23:49:10: Added resource location '../Media/packs/FullMoon.zip' of type 'Zip' to resource group 'Popular'
23:49:10: Added resource location '../Media/packs/DarkStormy.zip' of type 'Zip' to resource group 'Popular'
23:49:10: Creating resource group Schemes
23:49:10: Added resource location '../media/datafiles/schemes' of type 'FileSystem' to resource group 'Schemes'
23:49:10: D3D9 : RenderSystem Option: Allow DirectX9Ex = No
23:49:10: D3D9 : RenderSystem Option: Allow NVPerfHUD = No
23:49:10: D3D9 : RenderSystem Option: FSAA = 0
23:49:10: D3D9 : RenderSystem Option: Fixed Pipeline Enabled = Yes
23:49:10: D3D9 : RenderSystem Option: Floating-point mode = Fastest
23:49:10: D3D9 : RenderSystem Option: Full Screen = No
23:49:10: D3D9 : RenderSystem Option: Multi device memory hint = Use minimum system memory
23:49:10: D3D9 : RenderSystem Option: Rendering Device = Monitor-1-NVIDIA GeForce 9600M GS
23:49:10: D3D9 : RenderSystem Option: Resource Creation Policy = Create on all devices
23:49:10: D3D9 : RenderSystem Option: Use Multihead = Auto
23:49:10: D3D9 : RenderSystem Option: VSync = No
23:49:10: D3D9 : RenderSystem Option: VSync Interval = 1
23:49:10: D3D9 : RenderSystem Option: Video Mode = 800 x 600 @ 32-bit colour
23:49:10: D3D9 : RenderSystem Option: sRGB Gamma Conversion = No
23:49:17: CPU Identifier & Features
23:49:17: -------------------------
23:49:17:  *   CPU ID: GenuineIntel: Intel(R) Core(TM)2 Duo CPU     P7350  @ 2.00GHz
23:49:17:  *      SSE: yes
23:49:17:  *     SSE2: yes
23:49:17:  *     SSE3: yes
23:49:17:  *      MMX: yes
23:49:17:  *   MMXEXT: yes
23:49:17:  *    3DNOW: no
23:49:17:  * 3DNOWEXT: no
23:49:17:  *     CMOV: yes
23:49:17:  *      TSC: yes
23:49:17:  *      FPU: yes
23:49:17:  *      PRO: yes
23:49:17:  *       HT: no
23:49:17: -------------------------
23:49:17: D3D9 : Subsystem Initialising
23:49:17: Registering ResourceManager for type Texture
23:49:18: Registering ResourceManager for type GpuProgram
23:49:18: D3D9RenderSystem::_createRenderWindow "BeyondRay's Render Window", 800x600 windowed  miscParams: FSAA=0 FSAAHint= colourDepth=32 gamma=false monitorIndex=0 useNVPerfHUD=false vsync=false vsyncInterval=1 
23:49:18: D3D9 : Created D3D9 Rendering Window 'BeyondRay's Render Window' : 800x600, 32bpp
23:49:18: D3D9 : WARNING - disabling VSync in windowed mode can cause timing issues at lower frame rates, turn VSync on if you observe this problem.
23:49:18: D3D9: Vertex texture format supported - PF_FLOAT16_RGB
23:49:18: D3D9: Vertex texture format supported - PF_FLOAT16_RGBA
23:49:18: D3D9: Vertex texture format supported - PF_FLOAT32_RGB
23:49:18: D3D9: Vertex texture format supported - PF_FLOAT32_RGBA
23:49:18: D3D9: Vertex texture format supported - PF_FLOAT16_R
23:49:18: D3D9: Vertex texture format supported - PF_FLOAT32_R
23:49:18: D3D9: Vertex texture format supported - PF_FLOAT16_GR
23:49:18: D3D9: Vertex texture format supported - PF_FLOAT32_GR
23:49:18: RenderSystem capabilities
23:49:18: -------------------------
23:49:18: RenderSystem Name: Direct3D9 Rendering Subsystem
23:49:18: GPU Vendor: nvidia
23:49:18: Device Name: Monitor-1-NVIDIA GeForce 9600M GS
23:49:18: Driver Version: 8.17.12.7533
23:49:18:  * Fixed function pipeline: yes
23:49:18:  * Hardware generation of mipmaps: yes
23:49:18:  * Texture blending: yes
23:49:18:  * Anisotropic texture filtering: yes
23:49:18:  * Dot product texture operation: yes
23:49:18:  * Cube mapping: yes
23:49:18:  * Hardware stencil buffer: yes
23:49:18:    - Stencil depth: 8
23:49:18:    - Two sided stencil support: yes
23:49:18:    - Wrap stencil values: yes
23:49:18:  * Hardware vertex / index buffers: yes
23:49:18:  * Vertex programs: yes
23:49:18:  * Number of floating-point constants for vertex programs: 256
23:49:18:  * Number of integer constants for vertex programs: 16
23:49:18:  * Number of boolean constants for vertex programs: 16
23:49:18:  * Fragment programs: yes
23:49:18:  * Number of floating-point constants for fragment programs: 224
23:49:18:  * Number of integer constants for fragment programs: 16
23:49:18:  * Number of boolean constants for fragment programs: 16
23:49:18:  * Geometry programs: no
23:49:18:  * Number of floating-point constants for geometry programs: 0
23:49:18:  * Number of integer constants for geometry programs: 0
23:49:18:  * Number of boolean constants for geometry programs: 0
23:49:18:  * Tesselation Hull programs: no
23:49:18:  * Number of floating-point constants for tesselation hull programs: 0
23:49:18:  * Number of integer constants for tesselation hull programs: 0
23:49:18:  * Number of boolean constants for tesselation hull programs: 0
23:49:18:  * Tesselation Domain programs: no
23:49:18:  * Number of floating-point constants for tesselation domain programs: 0
23:49:18:  * Number of integer constants for tesselation domain programs: 0
23:49:18:  * Number of boolean constants for tesselation domain programs: 0
23:49:18:  * Compute programs: no
23:49:18:  * Number of floating-point constants for compute programs: 0
23:49:18:  * Number of integer constants for compute programs: 0
23:49:18:  * Number of boolean constants for compute programs: 0
23:49:18:  * Supported Shader Profiles: hlsl ps_1_1 ps_1_2 ps_1_3 ps_1_4 ps_2_0 ps_2_a ps_2_b ps_2_x ps_3_0 vs_1_1 vs_2_0 vs_2_a vs_2_x vs_3_0
23:49:18:  * Texture Compression: yes
23:49:18:    - DXT: yes
23:49:18:    - VTC: no
23:49:18:    - PVRTC: no
23:49:18:    - ATC: no
23:49:18:    - ETC1: no
23:49:18:    - ETC2: no
23:49:18:    - BC4/BC5: no
23:49:18:    - BC6H/BC7: no
23:49:18:  * Scissor Rectangle: yes
23:49:18:  * Hardware Occlusion Query: yes
23:49:18:  * User clip planes: yes
23:49:18:  * VET_UBYTE4 vertex element type: yes
23:49:18:  * Infinite far plane projection: yes
23:49:18:  * Hardware render-to-texture: yes
23:49:18:  * Floating point textures: yes
23:49:18:  * Non-power-of-two textures: yes
23:49:18:  * 1d textures: yes
23:49:18:  * Volume textures: yes
23:49:18:  * Multiple Render Targets: 4
23:49:18:    - With different bit depths: yes
23:49:18:  * Point Sprites: yes
23:49:18:  * Extended point parameters: yes
23:49:18:  * Max Point Size: 8192
23:49:18:  * Vertex texture fetch: yes
23:49:18:  * Number of world matrices: 0
23:49:18:  * Number of texture units: 8
23:49:18:  * Stencil buffer depth: 8
23:49:18:  * Number of vertex blend matrices: 0
23:49:18:    - Max vertex textures: 4
23:49:18:    - Vertex textures shared: no
23:49:18:  * Render to Vertex Buffer : no
23:49:18:  * Hardware Atomic Counters: no
23:49:18:  * DirectX per stage constants: yes
23:49:18: ***************************************
23:49:18: *** D3D9 : Subsystem Initialised OK ***
23:49:18: ***************************************
23:49:18: DefaultWorkQueue('Root') initialising on thread 563c.
23:49:18: DefaultWorkQueue('Root')::WorkerFunc - thread 119c starting.
23:49:18: DefaultWorkQueue('Root')::WorkerFunc - thread 48f8 starting.
23:49:19: Particle Renderer Type 'billboard' registered
23:49:20: SceneManagerFactory for type 'OctreeSceneManager' registered.
23:49:20: OverlayElementFactory for type Panel registered.
23:49:20: OverlayElementFactory for type BorderPanel registered.
23:49:20: OverlayElementFactory for type TextArea registered.
23:49:20: Registering ResourceManager for type Font
23:49:21: *** Initializing OIS ***
23:49:23: Initialising resource group Essential
23:49:23: Parsing scripts for resource group Essential
23:49:23: Parsing script SdkTrays.material
23:49:24: Parsing script SdkTrays.fontdef
23:49:24: Parsing script SdkTrays.overlay
23:49:25: Texture: sdk_cursor.png: Loading 1 faces(PF_A8R8G8B8,32x32x1) Internal format is PF_A8R8G8B8,32x32x1.
23:49:25: Texture: sdk_tray.png: Loading 1 faces(PF_A8R8G8B8,64x64x1) Internal format is PF_A8R8G8B8,64x64x1.
23:49:25: Texture: sdk_button_up.png: Loading 1 faces(PF_A8R8G8B8,128x32x1) Internal format is PF_A8R8G8B8,128x32x1.
23:49:25: Texture: sdk_text_box.png: Loading 1 faces(PF_A8R8G8B8,32x32x1) Internal format is PF_A8R8G8B8,32x32x1.
23:49:25: Texture: sdk_mini_tray.png: Loading 1 faces(PF_A8R8G8B8,32x32x1) Internal format is PF_A8R8G8B8,32x32x1.
23:49:25: Texture: sdk_track.png: Loading 1 faces(PF_A8R8G8B8,16x32x1) Internal format is PF_A8R8G8B8,16x32x1.
23:49:25: Texture: sdk_handle.png: Loading 1 faces(PF_A8R8G8B8,16x16x1) Internal format is PF_A8R8G8B8,16x16x1.
23:49:25: Texture: sdk_mini_text_box.png: Loading 1 faces(PF_A8R8G8B8,32x32x1) Internal format is PF_A8R8G8B8,32x32x1.
23:49:25: Texture: sdk_label.png: Loading 1 faces(PF_A8R8G8B8,32x32x1) Internal format is PF_A8R8G8B8,32x32x1.
23:49:25: Texture: sdk_separator.png: Loading 1 faces(PF_A8R8G8B8,64x16x1) Internal format is PF_A8R8G8B8,64x16x1.
23:49:25: Texture: sdk_logo.png: Loading 1 faces(PF_A8R8G8B8,128x64x1) Internal format is PF_A8R8G8B8,128x64x1.
23:49:25: Texture: sdk_shade.png: Loading 1 faces(PF_A8R8G8B8,64x48x1) with 5 generated mipmaps from Image. Internal format is PF_A8R8G8B8,64x48x1.
23:49:25: Texture: sdk_frame.png: Loading 1 faces(PF_A8R8G8B8,32x32x1) Internal format is PF_A8R8G8B8,32x32x1.
23:49:25: Texture: sdk_mini_text_box_over.png: Loading 1 faces(PF_A8R8G8B8,32x32x1) Internal format is PF_A8R8G8B8,32x32x1.
23:49:25: Texture: sdk_pulse.png: Loading 1 faces(PF_R8G8B8,8x1x1) Internal format is PF_X8R8G8B8,8x1x1.
23:49:25: Finished parsing scripts for resource group Essential
23:49:25: Creating resources for group Essential
23:49:25: All done
23:49:26: Initialising resource group General
23:49:26: Parsing scripts for resource group General
23:49:26: Font SdkTrays/Caption using texture size 512x256
23:49:26: Info: Freetype returned null for character 160 in font SdkTrays/Caption
23:49:26: Texture: SdkTrays/CaptionTexture: Loading 1 faces(PF_BYTE_LA,512x256x1) with 0 generated mipmaps from Image. Internal format is PF_BYTE_LA,512x256x1.
23:49:26: Font SdkTrays/Value using texture size 512x256
23:49:26: Info: Freetype returned null for character 127 in font SdkTrays/Value
23:49:26: Info: Freetype returned null for character 128 in font SdkTrays/Value
23:49:26: Info: Freetype returned null for character 129 in font SdkTrays/Value
23:49:26: Info: Freetype returned null for character 130 in font SdkTrays/Value
23:49:26: Info: Freetype returned null for character 131 in font SdkTrays/Value
23:49:26: Info: Freetype returned null for character 132 in font SdkTrays/Value
23:49:26: Info: Freetype returned null for character 133 in font SdkTrays/Value
23:49:26: Info: Freetype returned null for character 134 in font SdkTrays/Value
23:49:26: Info: Freetype returned null for character 135 in font SdkTrays/Value
23:49:26: Info: Freetype returned null for character 136 in font SdkTrays/Value
23:49:26: Info: Freetype returned null for character 137 in font SdkTrays/Value
23:49:26: Info: Freetype returned null for character 138 in font SdkTrays/Value
23:49:26: Info: Freetype returned null for character 139 in font SdkTrays/Value
23:49:26: Info: Freetype returned null for character 140 in font SdkTrays/Value
23:49:26: Info: Freetype returned null for character 141 in font SdkTrays/Value
23:49:26: Info: Freetype returned null for character 142 in font SdkTrays/Value
23:49:26: Info: Freetype returned null for character 143 in font SdkTrays/Value
23:49:26: Info: Freetype returned null for character 144 in font SdkTrays/Value
23:49:26: Info: Freetype returned null for character 145 in font SdkTrays/Value
23:49:26: Info: Freetype returned null for character 146 in font SdkTrays/Value
23:49:26: Info: Freetype returned null for character 147 in font SdkTrays/Value
23:49:26: Info: Freetype returned null for character 148 in font SdkTrays/Value
23:49:26: Info: Freetype returned null for character 149 in font SdkTrays/Value
23:49:26: Info: Freetype returned null for character 150 in font SdkTrays/Value
23:49:26: Info: Freetype returned null for character 151 in font SdkTrays/Value
23:49:26: Info: Freetype returned null for character 152 in font SdkTrays/Value
23:49:26: Info: Freetype returned null for character 153 in font SdkTrays/Value
23:49:26: Info: Freetype returned null for character 154 in font SdkTrays/Value
23:49:26: Info: Freetype returned null for character 155 in font SdkTrays/Value
23:49:26: Info: Freetype returned null for character 156 in font SdkTrays/Value
23:49:26: Info: Freetype returned null for character 157 in font SdkTrays/Value
23:49:26: Info: Freetype returned null for character 158 in font SdkTrays/Value
23:49:26: Info: Freetype returned null for character 159 in font SdkTrays/Value
23:49:26: Info: Freetype returned null for character 160 in font SdkTrays/Value
23:49:26: Texture: SdkTrays/ValueTexture: Loading 1 faces(PF_BYTE_LA,512x256x1) with 0 generated mipmaps from Image. Internal format is PF_BYTE_LA,512x256x1.
23:49:27: Finished parsing scripts for resource group General
23:49:27: Creating resources for group General
23:49:27: All done
23:49:27: Initialising resource group Popular
23:49:27: Parsing scripts for resource group Popular
23:49:27: Parsing script Dragon.material
23:49:27: Parsing script Dragon.MESH.material
23:49:27: Parsing script Examples.material
23:49:27: Parsing script GhostDragon.MESH.material
23:49:27: Parsing script meizhi.MESH.material
23:49:27: Parsing script Moutain.MESH.material
23:49:28: Parsing script SkyBox.material
23:49:28: Parsing script smoke.material
23:49:28: Parsing script yuntianheAppend.MESH.material
23:49:28: Parsing script AxeSword.MESH.material
23:49:28: Parsing script BigSword.MESH.material
23:49:28: Parsing script BlackWhiteSword.MESH.material
23:49:28: Parsing script EightDiagramsSword.MESH.material
23:49:29: Parsing script GoldenSword.MESH.material
23:49:29: Parsing script GoodSword.MESH.material
23:49:29: Parsing script GraySword.MESH.material
23:49:29: Parsing script GreenSword.MESH.material
23:49:29: Parsing script HelicalSword.MESH.material
23:49:29: Parsing script JunSword.MESH.material
23:49:29: Parsing script PurpleSword.MESH.material
23:49:29: Parsing script RedSword.MESH.material
23:49:29: Parsing script RedSword2.MESH.material
23:49:29: Parsing script RedSword3.MESH.material
23:49:29: Parsing script SpinousSword.MESH.material
23:49:29: Parsing script beyond.particle
23:49:30: Parsing script smoke.particle
23:49:30: Finished parsing scripts for resource group Popular
23:49:30: Creating resources for group Popular
23:49:30: All done
23:49:32: Texture: _cegui_ogre_0: Loading 1 faces(PF_A8B8G8R8,256x256x1) with 0 generated mipmaps from Image. Internal format is PF_A8R8G8B8,256x256x1.
23:49:38: Texture: _cegui_ogre_1: Loading 1 faces(PF_A8B8G8R8,256x256x1) with 0 generated mipmaps from Image. Internal format is PF_A8R8G8B8,256x256x1.
23:49:39: Texture: _cegui_ogre_2: Loading 1 faces(PF_A8B8G8R8,128x128x1) with 0 generated mipmaps from Image. Internal format is PF_A8R8G8B8,128x128x1.
23:49:43: SoundManager Initialized
23:50:05: Texture: _cegui_ogre_3: Loading 1 faces(PF_B8G8R8,39x39x1) with 0 generated mipmaps from Image. Internal format is PF_X8R8G8B8,39x39x1.
23:50:05: Texture: _cegui_ogre_4: Loading 1 faces(PF_B8G8R8,33x33x1) with 0 generated mipmaps from Image. Internal format is PF_X8R8G8B8,33x33x1.
23:50:05: Texture: _cegui_ogre_5: Loading 1 faces(PF_B8G8R8,34x34x1) with 0 generated mipmaps from Image. Internal format is PF_X8R8G8B8,34x34x1.
23:50:05: Texture: _cegui_ogre_6: Loading 1 faces(PF_A8B8G8R8,136x136x1) with 0 generated mipmaps from Image. Internal format is PF_A8R8G8B8,136x136x1.
23:50:05: Texture: _cegui_ogre_7: Loading 1 faces(PF_B8G8R8,838x84x1) with 0 generated mipmaps from Image. Internal format is PF_X8R8G8B8,838x84x1.
23:50:05: Texture: _cegui_ogre_8: Loading 1 faces(PF_B8G8R8,838x84x1) with 0 generated mipmaps from Image. Internal format is PF_X8R8G8B8,838x84x1.
23:50:05: Texture: _cegui_ogre_9: Loading 1 faces(PF_B8G8R8,838x84x1) with 0 generated mipmaps from Image. Internal format is PF_X8R8G8B8,838x84x1.
23:50:05: Texture: _cegui_ogre_10: Loading 1 faces(PF_B8G8R8,838x84x1) with 0 generated mipmaps from Image. Internal format is PF_X8R8G8B8,838x84x1.
23:50:05: Texture: _cegui_ogre_11: Loading 1 faces(PF_B8G8R8,838x84x1) with 0 generated mipmaps from Image. Internal format is PF_X8R8G8B8,838x84x1.
23:50:05: Texture: _cegui_ogre_12: Loading 1 faces(PF_B8G8R8,838x84x1) with 0 generated mipmaps from Image. Internal format is PF_X8R8G8B8,838x84x1.
23:50:05: Texture: _cegui_ogre_13: Loading 1 faces(PF_B8G8R8,838x84x1) with 0 generated mipmaps from Image. Internal format is PF_X8R8G8B8,838x84x1.
23:50:05: Texture: _cegui_ogre_14: Loading 1 faces(PF_B8G8R8,838x84x1) with 0 generated mipmaps from Image. Internal format is PF_X8R8G8B8,838x84x1.
23:50:05: Texture: _cegui_ogre_15: Loading 1 faces(PF_B8G8R8,838x84x1) with 0 generated mipmaps from Image. Internal format is PF_X8R8G8B8,838x84x1.
23:50:06: Texture: _cegui_ogre_16: Loading 1 faces(PF_B8G8R8,838x84x1) with 0 generated mipmaps from Image. Internal format is PF_X8R8G8B8,838x84x1.
23:50:06: Texture: _cegui_ogre_17: Loading 1 faces(PF_B8G8R8,838x84x1) with 0 generated mipmaps from Image. Internal format is PF_X8R8G8B8,838x84x1.
23:50:06: Texture: _cegui_ogre_19: Loading 1 faces(PF_A8B8G8R8,256x256x1) with 0 generated mipmaps from Image. Internal format is PF_A8R8G8B8,256x256x1.
23:50:06: Texture: _cegui_ogre_48: Loading 1 faces(PF_A8B8G8R8,192x192x1) with 0 generated mipmaps from Image. Internal format is PF_A8R8G8B8,192x192x1.
23:50:07: Texture: _cegui_ogre_49: Loading 1 faces(PF_A8B8G8R8,192x192x1) with 0 generated mipmaps from Image. Internal format is PF_A8R8G8B8,192x192x1.
23:50:07: Texture: _cegui_ogre_50: Loading 1 faces(PF_A8B8G8R8,192x192x1) with 0 generated mipmaps from Image. Internal format is PF_A8R8G8B8,192x192x1.
23:50:07: Texture: _cegui_ogre_51: Loading 1 faces(PF_A8B8G8R8,192x192x1) with 0 generated mipmaps from Image. Internal format is PF_A8R8G8B8,192x192x1.
23:50:07: Texture: _cegui_ogre_52: Loading 1 faces(PF_A8B8G8R8,192x192x1) with 0 generated mipmaps from Image. Internal format is PF_A8R8G8B8,192x192x1.
23:50:07: Texture: _cegui_ogre_53: Loading 1 faces(PF_A8B8G8R8,192x192x1) with 0 generated mipmaps from Image. Internal format is PF_A8R8G8B8,192x192x1.
23:50:07: Texture: _cegui_ogre_54: Loading 1 faces(PF_A8B8G8R8,192x192x1) with 0 generated mipmaps from Image. Internal format is PF_A8R8G8B8,192x192x1.
23:50:07: Texture: _cegui_ogre_55: Loading 1 faces(PF_A8B8G8R8,192x192x1) with 0 generated mipmaps from Image. Internal format is PF_A8R8G8B8,192x192x1.
23:50:07: Texture: _cegui_ogre_56: Loading 1 faces(PF_A8B8G8R8,192x192x1) with 0 generated mipmaps from Image. Internal format is PF_A8R8G8B8,192x192x1.
23:50:07: Texture: _cegui_ogre_57: Loading 1 faces(PF_A8B8G8R8,387x356x1) with 0 generated mipmaps from Image. Internal format is PF_A8R8G8B8,387x356x1.
23:50:07: Texture: _cegui_ogre_58: Loading 1 faces(PF_B8G8R8,1280x800x1) with 0 generated mipmaps from Image. Internal format is PF_X8R8G8B8,1280x800x1.
23:50:08: Texture: _cegui_ogre_59: Loading 1 faces(PF_B8G8R8,1920x1080x1) with 0 generated mipmaps from Image. Internal format is PF_X8R8G8B8,1920x1080x1.
23:50:08: Texture: _cegui_ogre_60: Loading 1 faces(PF_B8G8R8,1280x800x1) with 0 generated mipmaps from Image. Internal format is PF_X8R8G8B8,1280x800x1.
23:50:08: Texture: _cegui_ogre_61: Loading 1 faces(PF_B8G8R8,1280x800x1) with 0 generated mipmaps from Image. Internal format is PF_X8R8G8B8,1280x800x1.
23:50:08: Texture: _cegui_ogre_62: Loading 1 faces(PF_B8G8R8,1280x800x1) with 0 generated mipmaps from Image. Internal format is PF_X8R8G8B8,1280x800x1.
23:50:08: Texture: _cegui_ogre_63: Loading 1 faces(PF_B8G8R8,1280x800x1) with 0 generated mipmaps from Image. Internal format is PF_X8R8G8B8,1280x800x1.
23:50:09: Texture: _cegui_ogre_64: Loading 1 faces(PF_A8B8G8R8,674x117x1) with 0 generated mipmaps from Image. Internal format is PF_A8R8G8B8,674x117x1.
23:50:09: Texture: _cegui_ogre_65: Loading 1 faces(PF_B8G8R8,523x477x1) with 0 generated mipmaps from Image. Internal format is PF_X8R8G8B8,523x477x1.
23:50:09: Texture: _cegui_ogre_66: Loading 1 faces(PF_B8G8R8,195x194x1) with 0 generated mipmaps from Image. Internal format is PF_X8R8G8B8,195x194x1.
23:50:09: Texture: _cegui_ogre_67: Loading 1 faces(PF_B8G8R8,253x253x1) with 0 generated mipmaps from Image. Internal format is PF_X8R8G8B8,253x253x1.
23:50:09: Texture: _cegui_ogre_68: Loading 1 faces(PF_B8G8R8,494x494x1) with 0 generated mipmaps from Image. Internal format is PF_X8R8G8B8,494x494x1.
23:50:09: Texture: _cegui_ogre_69: Loading 1 faces(PF_B8G8R8,249x249x1) with 0 generated mipmaps from Image. Internal format is PF_X8R8G8B8,249x249x1.
23:50:09: Texture: _cegui_ogre_70: Loading 1 faces(PF_B8G8R8,1264x732x1) with 0 generated mipmaps from Image. Internal format is PF_X8R8G8B8,1264x732x1.
23:50:09: Texture: _cegui_ogre_71: Loading 1 faces(PF_B8G8R8,1264x732x1) with 0 generated mipmaps from Image. Internal format is PF_X8R8G8B8,1264x732x1.
23:50:09: Texture: _cegui_ogre_72: Loading 1 faces(PF_B8G8R8,1264x732x1) with 0 generated mipmaps from Image. Internal format is PF_X8R8G8B8,1264x732x1.
23:50:09: Texture: _cegui_ogre_73: Loading 1 faces(PF_B8G8R8,1264x732x1) with 0 generated mipmaps from Image. Internal format is PF_X8R8G8B8,1264x732x1.
23:50:10: Texture: _cegui_ogre_74: Loading 1 faces(PF_B8G8R8,1264x732x1) with 0 generated mipmaps from Image. Internal format is PF_X8R8G8B8,1264x732x1.
23:50:10: Texture: _cegui_ogre_75: Loading 1 faces(PF_B8G8R8,1264x732x1) with 0 generated mipmaps from Image. Internal format is PF_X8R8G8B8,1264x732x1.
23:50:11: Unregistering ResourceManager for type Font
23:50:11: DefaultWorkQueue('Root') shutting down on thread 563c.
23:50:11: DefaultWorkQueue('Root')::WorkerFunc - thread 119c stopped.
23:50:11: DefaultWorkQueue('Root')::WorkerFunc - thread 48f8 stopped.
23:50:12: *-*-* OGRE Shutdown
23:50:12: Unregistering ResourceManager for type Compositor
23:50:12: Unregistering ResourceManager for type Skeleton
23:50:12: Unregistering ResourceManager for type Mesh
23:50:12: Unregistering ResourceManager for type HighLevelGpuProgram
23:50:12: Uninstalling plugin: Octree Scene Manager
23:50:12: Plugin successfully uninstalled
23:50:12: Unloading library .\Plugin_OctreeSceneManager_d
23:50:12: Uninstalling plugin: ParticleFX
23:50:12: Plugin successfully uninstalled
23:50:12: Unloading library .\Plugin_ParticleFX_d
23:50:12: Uninstalling plugin: GL RenderSystem
23:50:12: *** Stopping Win32GL Subsystem ***
23:50:12: Plugin successfully uninstalled
23:50:12: Unloading library .\RenderSystem_GL_d
23:50:12: Uninstalling plugin: D3D9 RenderSystem
23:50:12: D3D9 device: 0x[039CA5E0] destroy. Releasing D3D9 texture: _cegui_ogre_0
23:50:12: Released D3D9 texture: _cegui_ogre_0
23:50:12: D3D9 device: 0x[039CA5E0] destroy. Releasing D3D9 texture: _cegui_ogre_3
23:50:12: Released D3D9 texture: _cegui_ogre_3
23:50:12: D3D9 device: 0x[039CA5E0] destroy. Releasing D3D9 texture: _cegui_ogre_1
23:50:12: Released D3D9 texture: _cegui_ogre_1
23:50:12: D3D9 device: 0x[039CA5E0] destroy. Releasing D3D9 texture: _cegui_ogre_2
23:50:12: Released D3D9 texture: _cegui_ogre_2
23:50:12: D3D9 device: 0x[039CA5E0] destroy. Releasing D3D9 texture: _cegui_ogre_4
23:50:12: Released D3D9 texture: _cegui_ogre_4
23:50:12: D3D9 device: 0x[039CA5E0] destroy. Releasing D3D9 texture: _cegui_ogre_5
23:50:12: Released D3D9 texture: _cegui_ogre_5
23:50:12: D3D9 device: 0x[039CA5E0] destroy. Releasing D3D9 texture: _cegui_ogre_6
23:50:12: Released D3D9 texture: _cegui_ogre_6
23:50:12: D3D9 device: 0x[039CA5E0] destroy. Releasing D3D9 texture: _cegui_ogre_9
23:50:12: Released D3D9 texture: _cegui_ogre_9
23:50:12: D3D9 device: 0x[039CA5E0] destroy. Releasing D3D9 texture: _cegui_ogre_16
23:50:12: Released D3D9 texture: _cegui_ogre_16
23:50:12: D3D9 device: 0x[039CA5E0] destroy. Releasing D3D9 texture: _cegui_ogre_17
23:50:12: Released D3D9 texture: _cegui_ogre_17
23:50:12: D3D9 device: 0x[039CA5E0] destroy. Releasing D3D9 texture: _cegui_ogre_19
23:50:12: Released D3D9 texture: _cegui_ogre_19
23:50:12: D3D9 device: 0x[039CA5E0] destroy. Releasing D3D9 texture: _cegui_ogre_48
23:50:12: Released D3D9 texture: _cegui_ogre_48
23:50:12: D3D9 device: 0x[039CA5E0] destroy. Releasing D3D9 texture: _cegui_ogre_49
23:50:12: Released D3D9 texture: _cegui_ogre_49
23:50:12: D3D9 device: 0x[039CA5E0] destroy. Releasing D3D9 texture: _cegui_ogre_50
23:50:12: Released D3D9 texture: _cegui_ogre_50
23:50:12: D3D9 device: 0x[039CA5E0] destroy. Releasing D3D9 texture: _cegui_ogre_51
23:50:12: Released D3D9 texture: _cegui_ogre_51
23:50:12: D3D9 device: 0x[039CA5E0] destroy. Releasing D3D9 texture: _cegui_ogre_52
23:50:12: Released D3D9 texture: _cegui_ogre_52
23:50:12: D3D9 device: 0x[039CA5E0] destroy. Releasing D3D9 texture: _cegui_ogre_53
23:50:12: Released D3D9 texture: _cegui_ogre_53
23:50:12: D3D9 device: 0x[039CA5E0] destroy. Releasing D3D9 texture: _cegui_ogre_54
23:50:12: Released D3D9 texture: _cegui_ogre_54
23:50:12: D3D9 device: 0x[039CA5E0] destroy. Releasing D3D9 texture: _cegui_ogre_55
23:50:12: Released D3D9 texture: _cegui_ogre_55
23:50:12: D3D9 device: 0x[039CA5E0] destroy. Releasing D3D9 texture: _cegui_ogre_56
23:50:12: Released D3D9 texture: _cegui_ogre_56
23:50:12: D3D9 device: 0x[039CA5E0] destroy. Releasing D3D9 texture: _cegui_ogre_57
23:50:12: Released D3D9 texture: _cegui_ogre_57
23:50:12: D3D9 device: 0x[039CA5E0] destroy. Releasing D3D9 texture: _cegui_ogre_58
23:50:12: Released D3D9 texture: _cegui_ogre_58
23:50:12: D3D9 device: 0x[039CA5E0] destroy. Releasing D3D9 texture: _cegui_ogre_59
23:50:12: Released D3D9 texture: _cegui_ogre_59
23:50:12: D3D9 device: 0x[039CA5E0] destroy. Releasing D3D9 texture: _cegui_ogre_60
23:50:12: Released D3D9 texture: _cegui_ogre_60
23:50:12: D3D9 device: 0x[039CA5E0] destroy. Releasing D3D9 texture: _cegui_ogre_61
23:50:12: Released D3D9 texture: _cegui_ogre_61
23:50:12: D3D9 device: 0x[039CA5E0] destroy. Releasing D3D9 texture: _cegui_ogre_62
23:50:12: Released D3D9 texture: _cegui_ogre_62
23:50:12: D3D9 device: 0x[039CA5E0] destroy. Releasing D3D9 texture: _cegui_ogre_63
23:50:12: Released D3D9 texture: _cegui_ogre_63
23:50:12: D3D9 device: 0x[039CA5E0] destroy. Releasing D3D9 texture: _cegui_ogre_64
23:50:12: Released D3D9 texture: _cegui_ogre_64
23:50:12: D3D9 device: 0x[039CA5E0] destroy. Releasing D3D9 texture: _cegui_ogre_65
23:50:12: Released D3D9 texture: _cegui_ogre_65
23:50:12: D3D9 device: 0x[039CA5E0] destroy. Releasing D3D9 texture: _cegui_ogre_66
23:50:12: Released D3D9 texture: _cegui_ogre_66
23:50:12: D3D9 device: 0x[039CA5E0] destroy. Releasing D3D9 texture: _cegui_ogre_7
23:50:12: Released D3D9 texture: _cegui_ogre_7
23:50:12: D3D9 device: 0x[039CA5E0] destroy. Releasing D3D9 texture: _cegui_ogre_8
23:50:12: Released D3D9 texture: _cegui_ogre_8
23:50:12: D3D9 device: 0x[039CA5E0] destroy. Releasing D3D9 texture: _cegui_ogre_69
23:50:12: Released D3D9 texture: _cegui_ogre_69
23:50:12: D3D9 device: 0x[039CA5E0] destroy. Releasing D3D9 texture: _cegui_ogre_70
23:50:12: Released D3D9 texture: _cegui_ogre_70
23:50:12: D3D9 device: 0x[039CA5E0] destroy. Releasing D3D9 texture: _cegui_ogre_71
23:50:12: Released D3D9 texture: _cegui_ogre_71
23:50:12: D3D9 device: 0x[039CA5E0] destroy. Releasing D3D9 texture: _cegui_ogre_72
23:50:12: Released D3D9 texture: _cegui_ogre_72
23:50:12: D3D9 device: 0x[039CA5E0] destroy. Releasing D3D9 texture: _cegui_ogre_73
23:50:12: Released D3D9 texture: _cegui_ogre_73
23:50:12: D3D9 device: 0x[039CA5E0] destroy. Releasing D3D9 texture: _cegui_ogre_67
23:50:12: Released D3D9 texture: _cegui_ogre_67
23:50:12: D3D9 device: 0x[039CA5E0] destroy. Releasing D3D9 texture: _cegui_ogre_68
23:50:12: Released D3D9 texture: _cegui_ogre_68
23:50:12: D3D9 device: 0x[039CA5E0] destroy. Releasing D3D9 texture: _cegui_ogre_74
23:50:12: Released D3D9 texture: _cegui_ogre_74
23:50:12: D3D9 device: 0x[039CA5E0] destroy. Releasing D3D9 texture: _cegui_ogre_75
23:50:12: Released D3D9 texture: _cegui_ogre_75
23:50:12: D3D9 device: 0x[039CA5E0] destroy. Releasing D3D9 texture: _cegui_ogre_10
23:50:12: Released D3D9 texture: _cegui_ogre_10
23:50:12: D3D9 device: 0x[039CA5E0] destroy. Releasing D3D9 texture: _cegui_ogre_11
23:50:12: Released D3D9 texture: _cegui_ogre_11
23:50:12: D3D9 device: 0x[039CA5E0] destroy. Releasing D3D9 texture: _cegui_ogre_12
23:50:12: Released D3D9 texture: _cegui_ogre_12
23:50:12: D3D9 device: 0x[039CA5E0] destroy. Releasing D3D9 texture: _cegui_ogre_13
23:50:12: Released D3D9 texture: _cegui_ogre_13
23:50:12: D3D9 device: 0x[039CA5E0] destroy. Releasing D3D9 texture: _cegui_ogre_14
23:50:12: Released D3D9 texture: _cegui_ogre_14
23:50:12: D3D9 device: 0x[039CA5E0] destroy. Releasing D3D9 texture: _cegui_ogre_15
23:50:12: Released D3D9 texture: _cegui_ogre_15
23:50:12: D3D9 : Shutting down cleanly.
23:50:12: Unregistering ResourceManager for type Texture
23:50:12: Unregistering ResourceManager for type GpuProgram
23:50:12: D3D9 : Direct3D9 Rendering Subsystem destroyed.
23:50:12: Plugin successfully uninstalled
23:50:12: Unloading library .\RenderSystem_Direct3D9_d
23:50:12: Unregistering ResourceManager for type Material
